TN:
SF:__mocks__\d3.ts
FN:4,select
FN:6,get
FN:8,selectAll
FN:10,get
FN:12,get
FN:13,get
FN:14,get
FNF:7
FNH:5
FNDA:103,select
FNDA:103,get
FNDA:0,selectAll
FNDA:0,get
FNDA:51,get
FNDA:71,get
FNDA:51,get
DA:1,1
DA:2,1
DA:3,1
DA:4,1
DA:5,103
DA:6,103
DA:7,1
DA:8,1
DA:9,0
DA:10,0
DA:11,1
DA:12,1
DA:13,1
DA:14,1
LF:14
LH:12
BRDA:4,0,0,103
BRDA:6,1,0,103
BRDA:12,2,0,51
BRDA:13,3,0,71
BRDA:14,4,0,51
BRF:5
BRH:5
end_of_record
TN:
SF:packages\mermaid-example-diagram\src\exampleDiagramDb.js
FN:7,setMessage
FN:12,getMessage
FN:21,setInfo
FN:26,getInfo
FN:30,clear
FNF:5
FNH:1
FNDA:0,setMessage
FNDA:0,getMessage
FNDA:1,setInfo
FNDA:0,getInfo
FNDA:0,clear
DA:1,1
DA:2,1
DA:3,1
DA:4,1
DA:5,1
DA:6,1
DA:7,1
DA:8,0
DA:9,0
DA:10,0
DA:11,1
DA:12,1
DA:13,0
DA:14,0
DA:15,1
DA:16,1
DA:17,1
DA:18,1
DA:19,1
DA:20,1
DA:21,1
DA:22,1
DA:23,1
DA:24,1
DA:25,1
DA:26,1
DA:27,0
DA:28,0
DA:29,1
DA:30,1
DA:31,0
DA:32,0
DA:33,0
DA:34,1
DA:35,1
DA:36,1
DA:37,1
DA:38,1
DA:39,1
DA:40,1
DA:41,1
LF:41
LH:31
BRDA:21,0,0,1
BRF:1
BRH:1
end_of_record
TN:
SF:packages\mermaid-example-diagram\src\mermaidUtils.ts
FN:1,warning
FN:16,get
FN:25,get
FN:27,get
FN:28,get
FN:29,get
FN:30,get
FN:32,get
FN:39,injectUtils
FN:59,get
FNF:10
FNH:2
FNDA:0,warning
FNDA:0,get
FNDA:0,get
FNDA:0,get
FNDA:0,get
FNDA:0,get
FNDA:0,get
FNDA:0,get
FNDA:1,injectUtils
FNDA:1,get
DA:1,1
DA:2,0
DA:3,0
DA:4,0
DA:5,0
DA:6,1
DA:7,1
DA:8,1
DA:9,1
DA:10,1
DA:11,1
DA:12,1
DA:13,1
DA:14,1
DA:15,1
DA:16,0
DA:17,1
DA:18,1
DA:19,1
DA:20,1
DA:21,1
DA:22,1
DA:23,1
DA:24,1
DA:25,0
DA:26,1
DA:27,1
DA:28,1
DA:29,1
DA:30,1
DA:31,1
DA:32,1
DA:33,1
DA:34,1
DA:35,1
DA:36,1
DA:37,1
DA:38,1
DA:39,1
DA:40,1
DA:41,1
DA:42,1
DA:43,1
DA:44,1
DA:45,1
DA:46,1
DA:47,1
DA:48,1
DA:49,1
DA:50,1
DA:51,1
DA:52,1
DA:53,1
DA:54,1
DA:55,1
DA:56,1
DA:57,1
DA:58,1
DA:59,1
LF:59
LH:53
BRDA:39,0,0,1
BRDA:59,1,0,1
BRF:2
BRH:2
end_of_record
TN:
SF:packages\mermaid\src\Diagram.ts
FN:21,Diagram
FN:46,Diagram.parser.parse
FN:55,parse
FN:63,render
FN:67,getParser
FN:71,getType
FN:74,get
FN:85,getDiagramFromText
FN:101,get
FNF:9
FNH:6
FNDA:216,Diagram
FNDA:28628,Diagram.parser.parse
FNDA:310,parse
FNDA:0,render
FNDA:0,getParser
FNDA:0,getType
FNDA:89,get
FNDA:136,getDiagramFromText
FNDA:178,get
DA:1,1
DA:2,1
DA:3,1
DA:4,1
DA:5,1
DA:6,1
DA:7,1
DA:8,1
DA:9,1
DA:10,1
DA:11,1
DA:12,1
DA:13,1
DA:14,1
DA:15,1
DA:16,1
DA:17,1
DA:18,1
DA:19,1
DA:20,1
DA:21,1
DA:22,216
DA:23,216
DA:24,216
DA:25,216
DA:26,216
DA:27,0
DA:28,0
DA:29,0
DA:30,216
DA:31,216
DA:32,216
DA:33,216
DA:34,216
DA:35,216
DA:36,216
DA:37,216
DA:38,216
DA:39,216
DA:40,216
DA:41,216
DA:42,216
DA:43,216
DA:44,216
DA:45,216
DA:46,216
DA:47,216
DA:48,216
DA:49,22
DA:50,22
DA:51,22
DA:52,216
DA:53,216
DA:54,1
DA:55,1
DA:56,310
DA:57,0
DA:58,0
DA:59,310
DA:60,310
DA:61,310
DA:62,1
DA:63,1
DA:64,0
DA:65,0
DA:66,1
DA:67,1
DA:68,0
DA:69,0
DA:70,1
DA:71,1
DA:72,0
DA:73,0
DA:74,89
DA:75,1
DA:76,1
DA:77,1
DA:78,1
DA:79,1
DA:80,1
DA:81,1
DA:82,1
DA:83,1
DA:84,1
DA:85,1
DA:86,136
DA:87,136
DA:88,136
DA:89,136
DA:90,136
DA:91,16
DA:92,16
DA:93,0
DA:94,0
DA:95,16
DA:96,16
DA:97,16
DA:98,16
DA:99,16
DA:100,130
DA:101,178
LF:101
LH:88
BRDA:21,0,0,216
BRDA:26,1,0,0
BRDA:34,2,0,215
BRDA:48,3,0,22
BRDA:46,4,0,28628
BRDA:55,5,0,310
BRDA:56,6,0,0
BRDA:59,7,0,309
BRDA:74,8,0,89
BRDA:85,9,0,136
BRDA:90,10,0,16
BRDA:92,11,0,0
BRDA:99,12,0,130
BRDA:101,13,0,178
BRF:14
BRH:11
end_of_record
TN:
SF:packages\mermaid\src\accessibility.ts
FN:29,setA11yDiagramInfo
FN:34,get
FN:46,addSVGa11yTitleDescription
FN:70,get
FNF:4
FNH:4
FNDA:3,setA11yDiagramInfo
FNDA:3,get
FNDA:17,addSVGa11yTitleDescription
FNDA:17,get
DA:1,1
DA:2,1
DA:3,1
DA:4,1
DA:5,1
DA:6,1
DA:7,1
DA:8,1
DA:9,1
DA:10,1
DA:11,1
DA:12,1
DA:13,1
DA:14,1
DA:15,1
DA:16,1
DA:17,1
DA:18,1
DA:19,1
DA:20,1
DA:21,1
DA:22,1
DA:23,1
DA:24,1
DA:25,1
DA:26,1
DA:27,1
DA:28,1
DA:29,1
DA:30,3
DA:31,3
DA:32,2
DA:33,2
DA:34,3
DA:35,1
DA:36,1
DA:37,1
DA:38,1
DA:39,1
DA:40,1
DA:41,1
DA:42,1
DA:43,1
DA:44,1
DA:45,1
DA:46,1
DA:47,17
DA:48,17
DA:49,17
DA:50,17
DA:51,17
DA:52,17
DA:53,1
DA:54,1
DA:55,16
DA:56,17
DA:57,12
DA:58,8
DA:59,8
DA:60,8
DA:61,8
DA:62,12
DA:63,8
DA:64,8
DA:65,8
DA:66,8
DA:67,17
DA:68,4
DA:69,4
DA:70,17
LF:70
LH:70
BRDA:29,0,0,3
BRDA:31,1,0,2
BRDA:34,2,0,3
BRDA:46,3,0,17
BRDA:52,4,0,1
BRDA:54,5,0,16
BRDA:56,6,0,8
BRDA:56,7,0,12
BRDA:57,8,0,8
BRDA:62,9,0,8
BRDA:67,10,0,4
BRDA:70,11,0,17
BRF:12
BRH:12
end_of_record
TN:
SF:packages\mermaid\src\assignWithDepth.js
FN:28,assignWithDepth
FNF:1
FNH:1
FNDA:79593,assignWithDepth
DA:1,1
DA:2,1
DA:3,1
DA:4,1
DA:5,1
DA:6,1
DA:7,1
DA:8,1
DA:9,1
DA:10,1
DA:11,1
DA:12,1
DA:13,1
DA:14,1
DA:15,1
DA:16,1
DA:17,1
DA:18,1
DA:19,1
DA:20,1
DA:21,1
DA:22,1
DA:23,1
DA:24,1
DA:25,1
DA:26,1
DA:27,1
DA:28,1
DA:29,79593
DA:30,79593
DA:31,1
DA:32,1
DA:33,79593
DA:34,24156
DA:35,109740
DA:36,109032
DA:37,109032
DA:38,24156
DA:39,24156
DA:40,24156
DA:41,79593
DA:42,3427
DA:43,3426
DA:44,3427
DA:45,1
DA:46,1
DA:47,3427
DA:48,79593
DA:49,51993
DA:50,1861071
DA:51,1861071
DA:52,75786
DA:53,1861071
DA:54,75786
DA:55,75237
DA:56,75237
DA:57,75786
DA:58,1861071
DA:59,1785284
DA:60,1785284
DA:61,51993
DA:62,51993
DA:63,52008
DA:64,52008
DA:65,1
DA:66,1
LF:66
LH:66
BRDA:28,0,0,79593
BRDA:30,1,0,24157
BRDA:30,2,0,1
BRDA:33,3,0,79592
BRDA:33,4,0,24156
BRDA:33,5,0,24156
BRDA:41,6,0,55451
BRDA:41,7,0,55436
BRDA:41,8,0,55435
BRDA:41,9,0,3427
BRDA:42,10,0,3426
BRDA:42,11,0,3426
BRDA:42,12,0,3426
BRDA:42,13,0,3426
BRDA:44,14,0,1
BRDA:48,15,0,63886
BRDA:48,16,0,52009
BRDA:48,17,0,51993
BRDA:48,18,0,51993
BRDA:48,19,0,65967
BRDA:48,20,0,51993
BRDA:63,21,0,52008
BRDA:31,22,0,2
BRDA:34,23,0,109740
BRDA:35,24,0,109032
BRDA:49,25,0,1861071
BRDA:51,26,0,75786
BRDA:52,27,0,549
BRDA:53,28,0,75786
BRDA:54,29,0,75237
BRDA:55,30,0,24001
BRDA:55,31,0,51236
BRDA:58,32,0,1785285
BRDA:58,33,0,1785284
BRDA:58,34,0,1785284
BRF:35
BRH:35
end_of_record
TN:
SF:packages\mermaid\src\commonDb.ts
FN:6,sanitizeText
FN:8,clear
FN:12,get
FN:14,setAccTitle
FN:16,get
FN:18,getAccTitle
FN:20,get
FN:22,setAccDescription
FN:24,get
FN:26,getAccDescription
FN:28,get
FN:30,setDiagramTitle
FN:32,get
FN:34,getDiagramTitle
FN:36,get
FNF:15
FNH:15
FNDA:123,sanitizeText
FNDA:1789,clear
FNDA:1791,get
FNDA:46,setAccTitle
FNDA:62,get
FNDA:48,getAccTitle
FNDA:62,get
FNDA:50,setAccDescription
FNDA:62,get
FNDA:55,getAccDescription
FNDA:62,get
FNDA:27,setDiagramTitle
FNDA:52,get
FNDA:39,getDiagramTitle
FNDA:52,get
DA:1,1
DA:2,1
DA:3,1
DA:4,1
DA:5,1
DA:6,1
DA:7,1
DA:8,1
DA:9,1789
DA:10,1789
DA:11,1789
DA:12,1791
DA:13,1
DA:14,1
DA:15,46
DA:16,62
DA:17,1
DA:18,1
DA:19,48
DA:20,62
DA:21,1
DA:22,1
DA:23,50
DA:24,62
DA:25,1
DA:26,1
DA:27,55
DA:28,62
DA:29,1
DA:30,1
DA:31,27
DA:32,52
DA:33,1
DA:34,1
DA:35,39
DA:36,52
DA:37,1
DA:38,1
DA:39,1
DA:40,1
DA:41,1
DA:42,1
DA:43,1
DA:44,1
DA:45,1
DA:46,1
LF:46
LH:46
BRDA:6,0,0,123
BRDA:8,1,0,1789
BRDA:12,2,0,1791
BRDA:14,3,0,46
BRDA:16,4,0,62
BRDA:18,5,0,48
BRDA:19,6,0,4
BRDA:20,7,0,62
BRDA:22,8,0,50
BRDA:24,9,0,62
BRDA:26,10,0,55
BRDA:28,11,0,62
BRDA:30,12,0,27
BRDA:32,13,0,52
BRDA:34,14,0,39
BRDA:36,15,0,52
BRF:16
BRH:16
end_of_record
TN:
SF:packages\mermaid\src\config.ts
FN:7,get
FN:14,updateCurrentConfig
FN:44,get
FN:61,setSiteConfig
FN:73,get
FN:75,saveConfigFromInitialize
FN:77,get
FN:79,updateSiteConfig
FN:84,get
FN:96,getSiteConfig
FN:98,get
FN:113,setConfig
FN:124,get
FN:137,getConfig
FN:139,get
FN:152,sanitize
FN:184,get
FN:191,addDirective
FN:203,get
FN:223,reset
FN:227,get
FN:234,issueWarning
FN:242,checkConfig
FNF:23
FNH:21
FNDA:52,get
FNDA:191,updateCurrentConfig
FNDA:1,get
FNDA:43,setSiteConfig
FNDA:43,get
FNDA:12,saveConfigFromInitialize
FNDA:12,get
FNDA:6,updateSiteConfig
FNDA:43,get
FNDA:6,getSiteConfig
FNDA:46,get
FNDA:38,setConfig
FNDA:80,get
FNDA:3022,getConfig
FNDA:3047,get
FNDA:53,sanitize
FNDA:0,get
FNDA:24,addDirective
FNDA:24,get
FNDA:117,reset
FNDA:117,get
FNDA:0,issueWarning
FNDA:229,checkConfig
DA:1,1
DA:2,1
DA:3,1
DA:4,1
DA:5,1
DA:6,1
DA:7,1
DA:8,1
DA:9,1
DA:10,1
DA:11,1
DA:12,1
DA:13,1
DA:14,1
DA:15,191
DA:16,191
DA:17,191
DA:18,191
DA:19,191
DA:20,191
DA:21,191
DA:22,47
DA:23,47
DA:24,47
DA:25,47
DA:26,47
DA:27,191
DA:28,191
DA:29,191
DA:30,191
DA:31,15
DA:32,15
DA:33,15
DA:34,15
DA:35,15
DA:36,15
DA:37,15
DA:38,15
DA:39,15
DA:40,191
DA:41,191
DA:42,191
DA:43,191
DA:44,1
DA:45,1
DA:46,1
DA:47,1
DA:48,1
DA:49,1
DA:50,1
DA:51,1
DA:52,1
DA:53,1
DA:54,1
DA:55,1
DA:56,1
DA:57,1
DA:58,1
DA:59,1
DA:60,1
DA:61,1
DA:62,43
DA:63,43
DA:64,43
DA:65,43
DA:66,43
DA:67,0
DA:68,0
DA:69,0
DA:70,43
DA:71,43
DA:72,43
DA:73,43
DA:74,1
DA:75,1
DA:76,12
DA:77,12
DA:78,1
DA:79,1
DA:80,6
DA:81,6
DA:82,6
DA:83,6
DA:84,43
DA:85,1
DA:86,1
DA:87,1
DA:88,1
DA:89,1
DA:90,1
DA:91,1
DA:92,1
DA:93,1
DA:94,1
DA:95,1
DA:96,1
DA:97,6
DA:98,46
DA:99,1
DA:100,1
DA:101,1
DA:102,1
DA:103,1
DA:104,1
DA:105,1
DA:106,1
DA:107,1
DA:108,1
DA:109,1
DA:110,1
DA:111,1
DA:112,1
DA:113,1
DA:114,38
DA:115,38
DA:116,38
DA:117,38
DA:118,38
DA:119,38
DA:120,38
DA:121,38
DA:122,38
DA:123,38
DA:124,80
DA:125,1
DA:126,1
DA:127,1
DA:128,1
DA:129,1
DA:130,1
DA:131,1
DA:132,1
DA:133,1
DA:134,1
DA:135,1
DA:136,1
DA:137,1
DA:138,3022
DA:139,3047
DA:140,1
DA:141,1
DA:142,1
DA:143,1
DA:144,1
DA:145,1
DA:146,1
DA:147,1
DA:148,1
DA:149,1
DA:150,1
DA:151,1
DA:152,1
DA:153,53
DA:154,53
DA:155,266
DA:156,1
DA:157,1
DA:158,1
DA:159,1
DA:160,1
DA:161,53
DA:162,53
DA:163,53
DA:164,53
DA:165,89
DA:166,0
DA:167,0
DA:168,53
DA:169,53
DA:170,53
DA:171,53
DA:172,89
DA:173,89
DA:174,37
DA:175,37
DA:176,37
DA:177,89
DA:178,0
DA:179,0
DA:180,89
DA:181,6
DA:182,6
DA:183,53
DA:184,0
DA:185,1
DA:186,1
DA:187,1
DA:188,1
DA:189,1
DA:190,1
DA:191,1
DA:192,24
DA:193,0
DA:194,0
DA:195,0
DA:196,0
DA:197,0
DA:198,0
DA:199,0
DA:200,0
DA:201,24
DA:202,24
DA:203,24
DA:204,1
DA:205,1
DA:206,1
DA:207,1
DA:208,1
DA:209,1
DA:210,1
DA:211,1
DA:212,1
DA:213,1
DA:214,1
DA:215,1
DA:216,1
DA:217,1
DA:218,1
DA:219,1
DA:220,1
DA:221,1
DA:222,1
DA:223,1
DA:224,117
DA:225,117
DA:226,117
DA:227,117
DA:228,1
DA:229,54
DA:230,1
DA:231,1
DA:232,1
DA:233,1
DA:234,1
DA:235,0
DA:236,0
DA:237,0
DA:238,0
DA:239,0
DA:240,0
DA:241,1
DA:242,1
DA:243,229
DA:244,0
DA:245,0
DA:246,229
DA:247,229
DA:248,0
DA:249,0
DA:250,229
LF:250
LH:224
BRDA:7,0,0,52
BRDA:14,1,0,191
BRDA:21,2,0,47
BRDA:30,3,0,15
BRDA:30,4,0,15
BRDA:44,5,0,1
BRDA:61,6,0,43
BRDA:66,7,0,0
BRDA:66,8,0,0
BRDA:73,9,0,43
BRDA:75,10,0,12
BRDA:77,11,0,12
BRDA:79,12,0,6
BRDA:84,13,0,43
BRDA:96,14,0,6
BRDA:98,15,0,46
BRDA:113,16,0,38
BRDA:124,17,0,80
BRDA:137,18,0,3022
BRDA:139,19,0,3047
BRDA:152,20,0,53
BRDA:154,21,0,0
BRDA:154,22,0,266
BRDA:155,23,0,1
BRDA:164,24,0,89
BRDA:165,25,0,0
BRDA:171,26,0,89
BRDA:173,27,0,37
BRDA:177,28,0,0
BRDA:180,29,0,6
BRDA:191,30,0,24
BRDA:192,31,0,0
BRDA:203,32,0,24
BRDA:223,33,0,117
BRDA:227,34,0,117
BRDA:229,35,0,54
BRDA:242,36,0,229
BRDA:243,37,0,0
BRDA:247,38,0,0
BRF:39
BRH:31
end_of_record
TN:
SF:packages\mermaid\src\defaultConfig.ts
FN:545,messageFont
FN:552,noteFont
FN:559,actorFont
FN:1849,personFont
FN:1857,external_personFont
FN:1865,systemFont
FN:1873,external_systemFont
FN:1881,system_dbFont
FN:1889,external_system_dbFont
FN:1897,system_queueFont
FN:1905,external_system_queueFont
FN:1913,containerFont
FN:1921,external_containerFont
FN:1929,container_dbFont
FN:1937,external_container_dbFont
FN:1945,container_queueFont
FN:1953,external_container_queueFont
FN:1961,componentFont
FN:1969,external_componentFont
FN:1977,component_dbFont
FN:1985,external_component_dbFont
FN:1993,component_queueFont
FN:2001,external_component_queueFont
FN:2009,boundaryFont
FN:2017,messageFont
FN:2083,keyify
FN:2093,get
FNF:27
FNH:2
FNDA:0,messageFont
FNDA:0,noteFont
FNDA:0,actorFont
FNDA:0,personFont
FNDA:0,external_personFont
FNDA:0,systemFont
FNDA:0,external_systemFont
FNDA:0,system_dbFont
FNDA:0,external_system_dbFont
FNDA:0,system_queueFont
FNDA:0,external_system_queueFont
FNDA:0,containerFont
FNDA:0,external_containerFont
FNDA:0,container_dbFont
FNDA:0,external_container_dbFont
FNDA:0,container_queueFont
FNDA:0,external_container_queueFont
FNDA:0,componentFont
FNDA:0,external_componentFont
FNDA:0,component_dbFont
FNDA:0,external_component_dbFont
FNDA:0,component_queueFont
FNDA:0,external_component_queueFont
FNDA:0,boundaryFont
FNDA:0,messageFont
FNDA:864,keyify
FNDA:47,get
DA:1,1
DA:2,1
DA:3,1
DA:4,1
DA:5,1
DA:6,1
DA:7,1
DA:8,1
DA:9,1
DA:10,1
DA:11,1
DA:12,1
DA:13,1
DA:14,1
DA:15,1
DA:16,1
DA:17,1
DA:18,1
DA:19,1
DA:20,1
DA:21,1
DA:22,1
DA:23,1
DA:24,1
DA:25,1
DA:26,1
DA:27,1
DA:28,1
DA:29,1
DA:30,1
DA:31,1
DA:32,1
DA:33,1
DA:34,1
DA:35,1
DA:36,1
DA:37,1
DA:38,1
DA:39,1
DA:40,1
DA:41,1
DA:42,1
DA:43,1
DA:44,1
DA:45,1
DA:46,1
DA:47,1
DA:48,1
DA:49,1
DA:50,1
DA:51,1
DA:52,1
DA:53,1
DA:54,1
DA:55,1
DA:56,1
DA:57,1
DA:58,1
DA:59,1
DA:60,1
DA:61,1
DA:62,1
DA:63,1
DA:64,1
DA:65,1
DA:66,1
DA:67,1
DA:68,1
DA:69,1
DA:70,1
DA:71,1
DA:72,1
DA:73,1
DA:74,1
DA:75,1
DA:76,1
DA:77,1
DA:78,1
DA:79,1
DA:80,1
DA:81,1
DA:82,1
DA:83,1
DA:84,1
DA:85,1
DA:86,1
DA:87,1
DA:88,1
DA:89,1
DA:90,1
DA:91,1
DA:92,1
DA:93,1
DA:94,1
DA:95,1
DA:96,1
DA:97,1
DA:98,1
DA:99,1
DA:100,1
DA:101,1
DA:102,1
DA:103,1
DA:104,1
DA:105,1
DA:106,1
DA:107,1
DA:108,1
DA:109,1
DA:110,1
DA:111,1
DA:112,1
DA:113,1
DA:114,1
DA:115,1
DA:116,1
DA:117,1
DA:118,1
DA:119,1
DA:120,1
DA:121,1
DA:122,1
DA:123,1
DA:124,1
DA:125,1
DA:126,1
DA:127,1
DA:128,1
DA:129,1
DA:130,1
DA:131,1
DA:132,1
DA:133,1
DA:134,1
DA:135,1
DA:136,1
DA:137,1
DA:138,1
DA:139,1
DA:140,1
DA:141,1
DA:142,1
DA:143,1
DA:144,1
DA:145,1
DA:146,1
DA:147,1
DA:148,1
DA:149,1
DA:150,1
DA:151,1
DA:152,1
DA:153,1
DA:154,1
DA:155,1
DA:156,1
DA:157,1
DA:158,1
DA:159,1
DA:160,1
DA:161,1
DA:162,1
DA:163,1
DA:164,1
DA:165,1
DA:166,1
DA:167,1
DA:168,1
DA:169,1
DA:170,1
DA:171,1
DA:172,1
DA:173,1
DA:174,1
DA:175,1
DA:176,1
DA:177,1
DA:178,1
DA:179,1
DA:180,1
DA:181,1
DA:182,1
DA:183,1
DA:184,1
DA:185,1
DA:186,1
DA:187,1
DA:188,1
DA:189,1
DA:190,1
DA:191,1
DA:192,1
DA:193,1
DA:194,1
DA:195,1
DA:196,1
DA:197,1
DA:198,1
DA:199,1
DA:200,1
DA:201,1
DA:202,1
DA:203,1
DA:204,1
DA:205,1
DA:206,1
DA:207,1
DA:208,1
DA:209,1
DA:210,1
DA:211,1
DA:212,1
DA:213,1
DA:214,1
DA:215,1
DA:216,1
DA:217,1
DA:218,1
DA:219,1
DA:220,1
DA:221,1
DA:222,1
DA:223,1
DA:224,1
DA:225,1
DA:226,1
DA:227,1
DA:228,1
DA:229,1
DA:230,1
DA:231,1
DA:232,1
DA:233,1
DA:234,1
DA:235,1
DA:236,1
DA:237,1
DA:238,1
DA:239,1
DA:240,1
DA:241,1
DA:242,1
DA:243,1
DA:244,1
DA:245,1
DA:246,1
DA:247,1
DA:248,1
DA:249,1
DA:250,1
DA:251,1
DA:252,1
DA:253,1
DA:254,1
DA:255,1
DA:256,1
DA:257,1
DA:258,1
DA:259,1
DA:260,1
DA:261,1
DA:262,1
DA:263,1
DA:264,1
DA:265,1
DA:266,1
DA:267,1
DA:268,1
DA:269,1
DA:270,1
DA:271,1
DA:272,1
DA:273,1
DA:274,1
DA:275,1
DA:276,1
DA:277,1
DA:278,1
DA:279,1
DA:280,1
DA:281,1
DA:282,1
DA:283,1
DA:284,1
DA:285,1
DA:286,1
DA:287,1
DA:288,1
DA:289,1
DA:290,1
DA:291,1
DA:292,1
DA:293,1
DA:294,1
DA:295,1
DA:296,1
DA:297,1
DA:298,1
DA:299,1
DA:300,1
DA:301,1
DA:302,1
DA:303,1
DA:304,1
DA:305,1
DA:306,1
DA:307,1
DA:308,1
DA:309,1
DA:310,1
DA:311,1
DA:312,1
DA:313,1
DA:314,1
DA:315,1
DA:316,1
DA:317,1
DA:318,1
DA:319,1
DA:320,1
DA:321,1
DA:322,1
DA:323,1
DA:324,1
DA:325,1
DA:326,1
DA:327,1
DA:328,1
DA:329,1
DA:330,1
DA:331,1
DA:332,1
DA:333,1
DA:334,1
DA:335,1
DA:336,1
DA:337,1
DA:338,1
DA:339,1
DA:340,1
DA:341,1
DA:342,1
DA:343,1
DA:344,1
DA:345,1
DA:346,1
DA:347,1
DA:348,1
DA:349,1
DA:350,1
DA:351,1
DA:352,1
DA:353,1
DA:354,1
DA:355,1
DA:356,1
DA:357,1
DA:358,1
DA:359,1
DA:360,1
DA:361,1
DA:362,1
DA:363,1
DA:364,1
DA:365,1
DA:366,1
DA:367,1
DA:368,1
DA:369,1
DA:370,1
DA:371,1
DA:372,1
DA:373,1
DA:374,1
DA:375,1
DA:376,1
DA:377,1
DA:378,1
DA:379,1
DA:380,1
DA:381,1
DA:382,1
DA:383,1
DA:384,1
DA:385,1
DA:386,1
DA:387,1
DA:388,1
DA:389,1
DA:390,1
DA:391,1
DA:392,1
DA:393,1
DA:394,1
DA:395,1
DA:396,1
DA:397,1
DA:398,1
DA:399,1
DA:400,1
DA:401,1
DA:402,1
DA:403,1
DA:404,1
DA:405,1
DA:406,1
DA:407,1
DA:408,1
DA:409,1
DA:410,1
DA:411,1
DA:412,1
DA:413,1
DA:414,1
DA:415,1
DA:416,1
DA:417,1
DA:418,1
DA:419,1
DA:420,1
DA:421,1
DA:422,1
DA:423,1
DA:424,1
DA:425,1
DA:426,1
DA:427,1
DA:428,1
DA:429,1
DA:430,1
DA:431,1
DA:432,1
DA:433,1
DA:434,1
DA:435,1
DA:436,1
DA:437,1
DA:438,1
DA:439,1
DA:440,1
DA:441,1
DA:442,1
DA:443,1
DA:444,1
DA:445,1
DA:446,1
DA:447,1
DA:448,1
DA:449,1
DA:450,1
DA:451,1
DA:452,1
DA:453,1
DA:454,1
DA:455,1
DA:456,1
DA:457,1
DA:458,1
DA:459,1
DA:460,1
DA:461,1
DA:462,1
DA:463,1
DA:464,1
DA:465,1
DA:466,1
DA:467,1
DA:468,1
DA:469,1
DA:470,1
DA:471,1
DA:472,1
DA:473,1
DA:474,1
DA:475,1
DA:476,1
DA:477,1
DA:478,1
DA:479,1
DA:480,1
DA:481,1
DA:482,1
DA:483,1
DA:484,1
DA:485,1
DA:486,1
DA:487,1
DA:488,1
DA:489,1
DA:490,1
DA:491,1
DA:492,1
DA:493,1
DA:494,1
DA:495,1
DA:496,1
DA:497,1
DA:498,1
DA:499,1
DA:500,1
DA:501,1
DA:502,1
DA:503,1
DA:504,1
DA:505,1
DA:506,1
DA:507,1
DA:508,1
DA:509,1
DA:510,1
DA:511,1
DA:512,1
DA:513,1
DA:514,1
DA:515,1
DA:516,1
DA:517,1
DA:518,1
DA:519,1
DA:520,1
DA:521,1
DA:522,1
DA:523,1
DA:524,1
DA:525,1
DA:526,1
DA:527,1
DA:528,1
DA:529,1
DA:530,1
DA:531,1
DA:532,1
DA:533,1
DA:534,1
DA:535,1
DA:536,1
DA:537,1
DA:538,1
DA:539,1
DA:540,1
DA:541,1
DA:542,1
DA:543,1
DA:544,1
DA:545,1
DA:546,0
DA:547,0
DA:548,0
DA:549,0
DA:550,0
DA:551,0
DA:552,1
DA:553,0
DA:554,0
DA:555,0
DA:556,0
DA:557,0
DA:558,0
DA:559,1
DA:560,0
DA:561,0
DA:562,0
DA:563,0
DA:564,0
DA:565,0
DA:566,1
DA:567,1
DA:568,1
DA:569,1
DA:570,1
DA:571,1
DA:572,1
DA:573,1
DA:574,1
DA:575,1
DA:576,1
DA:577,1
DA:578,1
DA:579,1
DA:580,1
DA:581,1
DA:582,1
DA:583,1
DA:584,1
DA:585,1
DA:586,1
DA:587,1
DA:588,1
DA:589,1
DA:590,1
DA:591,1
DA:592,1
DA:593,1
DA:594,1
DA:595,1
DA:596,1
DA:597,1
DA:598,1
DA:599,1
DA:600,1
DA:601,1
DA:602,1
DA:603,1
DA:604,1
DA:605,1
DA:606,1
DA:607,1
DA:608,1
DA:609,1
DA:610,1
DA:611,1
DA:612,1
DA:613,1
DA:614,1
DA:615,1
DA:616,1
DA:617,1
DA:618,1
DA:619,1
DA:620,1
DA:621,1
DA:622,1
DA:623,1
DA:624,1
DA:625,1
DA:626,1
DA:627,1
DA:628,1
DA:629,1
DA:630,1
DA:631,1
DA:632,1
DA:633,1
DA:634,1
DA:635,1
DA:636,1
DA:637,1
DA:638,1
DA:639,1
DA:640,1
DA:641,1
DA:642,1
DA:643,1
DA:644,1
DA:645,1
DA:646,1
DA:647,1
DA:648,1
DA:649,1
DA:650,1
DA:651,1
DA:652,1
DA:653,1
DA:654,1
DA:655,1
DA:656,1
DA:657,1
DA:658,1
DA:659,1
DA:660,1
DA:661,1
DA:662,1
DA:663,1
DA:664,1
DA:665,1
DA:666,1
DA:667,1
DA:668,1
DA:669,1
DA:670,1
DA:671,1
DA:672,1
DA:673,1
DA:674,1
DA:675,1
DA:676,1
DA:677,1
DA:678,1
DA:679,1
DA:680,1
DA:681,1
DA:682,1
DA:683,1
DA:684,1
DA:685,1
DA:686,1
DA:687,1
DA:688,1
DA:689,1
DA:690,1
DA:691,1
DA:692,1
DA:693,1
DA:694,1
DA:695,1
DA:696,1
DA:697,1
DA:698,1
DA:699,1
DA:700,1
DA:701,1
DA:702,1
DA:703,1
DA:704,1
DA:705,1
DA:706,1
DA:707,1
DA:708,1
DA:709,1
DA:710,1
DA:711,1
DA:712,1
DA:713,1
DA:714,1
DA:715,1
DA:716,1
DA:717,1
DA:718,1
DA:719,1
DA:720,1
DA:721,1
DA:722,1
DA:723,1
DA:724,1
DA:725,1
DA:726,1
DA:727,1
DA:728,1
DA:729,1
DA:730,1
DA:731,1
DA:732,1
DA:733,1
DA:734,1
DA:735,1
DA:736,1
DA:737,1
DA:738,1
DA:739,1
DA:740,1
DA:741,1
DA:742,1
DA:743,1
DA:744,1
DA:745,1
DA:746,1
DA:747,1
DA:748,1
DA:749,1
DA:750,1
DA:751,1
DA:752,1
DA:753,1
DA:754,1
DA:755,1
DA:756,1
DA:757,1
DA:758,1
DA:759,1
DA:760,1
DA:761,1
DA:762,1
DA:763,1
DA:764,1
DA:765,1
DA:766,1
DA:767,1
DA:768,1
DA:769,1
DA:770,1
DA:771,1
DA:772,1
DA:773,1
DA:774,1
DA:775,1
DA:776,1
DA:777,1
DA:778,1
DA:779,1
DA:780,1
DA:781,1
DA:782,1
DA:783,1
DA:784,1
DA:785,1
DA:786,1
DA:787,1
DA:788,1
DA:789,1
DA:790,1
DA:791,1
DA:792,1
DA:793,1
DA:794,1
DA:795,1
DA:796,1
DA:797,1
DA:798,1
DA:799,1
DA:800,1
DA:801,1
DA:802,1
DA:803,1
DA:804,1
DA:805,1
DA:806,1
DA:807,1
DA:808,1
DA:809,1
DA:810,1
DA:811,1
DA:812,1
DA:813,1
DA:814,1
DA:815,1
DA:816,1
DA:817,1
DA:818,1
DA:819,1
DA:820,1
DA:821,1
DA:822,1
DA:823,1
DA:824,1
DA:825,1
DA:826,1
DA:827,1
DA:828,1
DA:829,1
DA:830,1
DA:831,1
DA:832,1
DA:833,1
DA:834,1
DA:835,1
DA:836,1
DA:837,1
DA:838,1
DA:839,1
DA:840,1
DA:841,1
DA:842,1
DA:843,1
DA:844,1
DA:845,1
DA:846,1
DA:847,1
DA:848,1
DA:849,1
DA:850,1
DA:851,1
DA:852,1
DA:853,1
DA:854,1
DA:855,1
DA:856,1
DA:857,1
DA:858,1
DA:859,1
DA:860,1
DA:861,1
DA:862,1
DA:863,1
DA:864,1
DA:865,1
DA:866,1
DA:867,1
DA:868,1
DA:869,1
DA:870,1
DA:871,1
DA:872,1
DA:873,1
DA:874,1
DA:875,1
DA:876,1
DA:877,1
DA:878,1
DA:879,1
DA:880,1
DA:881,1
DA:882,1
DA:883,1
DA:884,1
DA:885,1
DA:886,1
DA:887,1
DA:888,1
DA:889,1
DA:890,1
DA:891,1
DA:892,1
DA:893,1
DA:894,1
DA:895,1
DA:896,1
DA:897,1
DA:898,1
DA:899,1
DA:900,1
DA:901,1
DA:902,1
DA:903,1
DA:904,1
DA:905,1
DA:906,1
DA:907,1
DA:908,1
DA:909,1
DA:910,1
DA:911,1
DA:912,1
DA:913,1
DA:914,1
DA:915,1
DA:916,1
DA:917,1
DA:918,1
DA:919,1
DA:920,1
DA:921,1
DA:922,1
DA:923,1
DA:924,1
DA:925,1
DA:926,1
DA:927,1
DA:928,1
DA:929,1
DA:930,1
DA:931,1
DA:932,1
DA:933,1
DA:934,1
DA:935,1
DA:936,1
DA:937,1
DA:938,1
DA:939,1
DA:940,1
DA:941,1
DA:942,1
DA:943,1
DA:944,1
DA:945,1
DA:946,1
DA:947,1
DA:948,1
DA:949,1
DA:950,1
DA:951,1
DA:952,1
DA:953,1
DA:954,1
DA:955,1
DA:956,1
DA:957,1
DA:958,1
DA:959,1
DA:960,1
DA:961,1
DA:962,1
DA:963,1
DA:964,1
DA:965,1
DA:966,1
DA:967,1
DA:968,1
DA:969,1
DA:970,1
DA:971,1
DA:972,1
DA:973,1
DA:974,1
DA:975,1
DA:976,1
DA:977,1
DA:978,1
DA:979,1
DA:980,1
DA:981,1
DA:982,1
DA:983,1
DA:984,1
DA:985,1
DA:986,1
DA:987,1
DA:988,1
DA:989,1
DA:990,1
DA:991,1
DA:992,1
DA:993,1
DA:994,1
DA:995,1
DA:996,1
DA:997,1
DA:998,1
DA:999,1
DA:1000,1
DA:1001,1
DA:1002,1
DA:1003,1
DA:1004,1
DA:1005,1
DA:1006,1
DA:1007,1
DA:1008,1
DA:1009,1
DA:1010,1
DA:1011,1
DA:1012,1
DA:1013,1
DA:1014,1
DA:1015,1
DA:1016,1
DA:1017,1
DA:1018,1
DA:1019,1
DA:1020,1
DA:1021,1
DA:1022,1
DA:1023,1
DA:1024,1
DA:1025,1
DA:1026,1
DA:1027,1
DA:1028,1
DA:1029,1
DA:1030,1
DA:1031,1
DA:1032,1
DA:1033,1
DA:1034,1
DA:1035,1
DA:1036,1
DA:1037,1
DA:1038,1
DA:1039,1
DA:1040,1
DA:1041,1
DA:1042,1
DA:1043,1
DA:1044,1
DA:1045,1
DA:1046,1
DA:1047,1
DA:1048,1
DA:1049,1
DA:1050,1
DA:1051,1
DA:1052,1
DA:1053,1
DA:1054,1
DA:1055,1
DA:1056,1
DA:1057,1
DA:1058,1
DA:1059,1
DA:1060,1
DA:1061,1
DA:1062,1
DA:1063,1
DA:1064,1
DA:1065,1
DA:1066,1
DA:1067,1
DA:1068,1
DA:1069,1
DA:1070,1
DA:1071,1
DA:1072,1
DA:1073,1
DA:1074,1
DA:1075,1
DA:1076,1
DA:1077,1
DA:1078,1
DA:1079,1
DA:1080,1
DA:1081,1
DA:1082,1
DA:1083,1
DA:1084,1
DA:1085,1
DA:1086,1
DA:1087,1
DA:1088,1
DA:1089,1
DA:1090,1
DA:1091,1
DA:1092,1
DA:1093,1
DA:1094,1
DA:1095,1
DA:1096,1
DA:1097,1
DA:1098,1
DA:1099,1
DA:1100,1
DA:1101,1
DA:1102,1
DA:1103,1
DA:1104,1
DA:1105,1
DA:1106,1
DA:1107,1
DA:1108,1
DA:1109,1
DA:1110,1
DA:1111,1
DA:1112,1
DA:1113,1
DA:1114,1
DA:1115,1
DA:1116,1
DA:1117,1
DA:1118,1
DA:1119,1
DA:1120,1
DA:1121,1
DA:1122,1
DA:1123,1
DA:1124,1
DA:1125,1
DA:1126,1
DA:1127,1
DA:1128,1
DA:1129,1
DA:1130,1
DA:1131,1
DA:1132,1
DA:1133,1
DA:1134,1
DA:1135,1
DA:1136,1
DA:1137,1
DA:1138,1
DA:1139,1
DA:1140,1
DA:1141,1
DA:1142,1
DA:1143,1
DA:1144,1
DA:1145,1
DA:1146,1
DA:1147,1
DA:1148,1
DA:1149,1
DA:1150,1
DA:1151,1
DA:1152,1
DA:1153,1
DA:1154,1
DA:1155,1
DA:1156,1
DA:1157,1
DA:1158,1
DA:1159,1
DA:1160,1
DA:1161,1
DA:1162,1
DA:1163,1
DA:1164,1
DA:1165,1
DA:1166,1
DA:1167,1
DA:1168,1
DA:1169,1
DA:1170,1
DA:1171,1
DA:1172,1
DA:1173,1
DA:1174,1
DA:1175,1
DA:1176,1
DA:1177,1
DA:1178,1
DA:1179,1
DA:1180,1
DA:1181,1
DA:1182,1
DA:1183,1
DA:1184,1
DA:1185,1
DA:1186,1
DA:1187,1
DA:1188,1
DA:1189,1
DA:1190,1
DA:1191,1
DA:1192,1
DA:1193,1
DA:1194,1
DA:1195,1
DA:1196,1
DA:1197,1
DA:1198,1
DA:1199,1
DA:1200,1
DA:1201,1
DA:1202,1
DA:1203,1
DA:1204,1
DA:1205,1
DA:1206,1
DA:1207,1
DA:1208,1
DA:1209,1
DA:1210,1
DA:1211,1
DA:1212,1
DA:1213,1
DA:1214,1
DA:1215,1
DA:1216,1
DA:1217,1
DA:1218,1
DA:1219,1
DA:1220,1
DA:1221,1
DA:1222,1
DA:1223,1
DA:1224,1
DA:1225,1
DA:1226,1
DA:1227,1
DA:1228,1
DA:1229,1
DA:1230,1
DA:1231,1
DA:1232,1
DA:1233,1
DA:1234,1
DA:1235,1
DA:1236,1
DA:1237,1
DA:1238,1
DA:1239,1
DA:1240,1
DA:1241,1
DA:1242,1
DA:1243,1
DA:1244,1
DA:1245,1
DA:1246,1
DA:1247,1
DA:1248,1
DA:1249,1
DA:1250,1
DA:1251,1
DA:1252,1
DA:1253,1
DA:1254,1
DA:1255,1
DA:1256,1
DA:1257,1
DA:1258,1
DA:1259,1
DA:1260,1
DA:1261,1
DA:1262,1
DA:1263,1
DA:1264,1
DA:1265,1
DA:1266,1
DA:1267,1
DA:1268,1
DA:1269,1
DA:1270,1
DA:1271,1
DA:1272,1
DA:1273,1
DA:1274,1
DA:1275,1
DA:1276,1
DA:1277,1
DA:1278,1
DA:1279,1
DA:1280,1
DA:1281,1
DA:1282,1
DA:1283,1
DA:1284,1
DA:1285,1
DA:1286,1
DA:1287,1
DA:1288,1
DA:1289,1
DA:1290,1
DA:1291,1
DA:1292,1
DA:1293,1
DA:1294,1
DA:1295,1
DA:1296,1
DA:1297,1
DA:1298,1
DA:1299,1
DA:1300,1
DA:1301,1
DA:1302,1
DA:1303,1
DA:1304,1
DA:1305,1
DA:1306,1
DA:1307,1
DA:1308,1
DA:1309,1
DA:1310,1
DA:1311,1
DA:1312,1
DA:1313,1
DA:1314,1
DA:1315,1
DA:1316,1
DA:1317,1
DA:1318,1
DA:1319,1
DA:1320,1
DA:1321,1
DA:1322,1
DA:1323,1
DA:1324,1
DA:1325,1
DA:1326,1
DA:1327,1
DA:1328,1
DA:1329,1
DA:1330,1
DA:1331,1
DA:1332,1
DA:1333,1
DA:1334,1
DA:1335,1
DA:1336,1
DA:1337,1
DA:1338,1
DA:1339,1
DA:1340,1
DA:1341,1
DA:1342,1
DA:1343,1
DA:1344,1
DA:1345,1
DA:1346,1
DA:1347,1
DA:1348,1
DA:1349,1
DA:1350,1
DA:1351,1
DA:1352,1
DA:1353,1
DA:1354,1
DA:1355,1
DA:1356,1
DA:1357,1
DA:1358,1
DA:1359,1
DA:1360,1
DA:1361,1
DA:1362,1
DA:1363,1
DA:1364,1
DA:1365,1
DA:1366,1
DA:1367,1
DA:1368,1
DA:1369,1
DA:1370,1
DA:1371,1
DA:1372,1
DA:1373,1
DA:1374,1
DA:1375,1
DA:1376,1
DA:1377,1
DA:1378,1
DA:1379,1
DA:1380,1
DA:1381,1
DA:1382,1
DA:1383,1
DA:1384,1
DA:1385,1
DA:1386,1
DA:1387,1
DA:1388,1
DA:1389,1
DA:1390,1
DA:1391,1
DA:1392,1
DA:1393,1
DA:1394,1
DA:1395,1
DA:1396,1
DA:1397,1
DA:1398,1
DA:1399,1
DA:1400,1
DA:1401,1
DA:1402,1
DA:1403,1
DA:1404,1
DA:1405,1
DA:1406,1
DA:1407,1
DA:1408,1
DA:1409,1
DA:1410,1
DA:1411,1
DA:1412,1
DA:1413,1
DA:1414,1
DA:1415,1
DA:1416,1
DA:1417,1
DA:1418,1
DA:1419,1
DA:1420,1
DA:1421,1
DA:1422,1
DA:1423,1
DA:1424,1
DA:1425,1
DA:1426,1
DA:1427,1
DA:1428,1
DA:1429,1
DA:1430,1
DA:1431,1
DA:1432,1
DA:1433,1
DA:1434,1
DA:1435,1
DA:1436,1
DA:1437,1
DA:1438,1
DA:1439,1
DA:1440,1
DA:1441,1
DA:1442,1
DA:1443,1
DA:1444,1
DA:1445,1
DA:1446,1
DA:1447,1
DA:1448,1
DA:1449,1
DA:1450,1
DA:1451,1
DA:1452,1
DA:1453,1
DA:1454,1
DA:1455,1
DA:1456,1
DA:1457,1
DA:1458,1
DA:1459,1
DA:1460,1
DA:1461,1
DA:1462,1
DA:1463,1
DA:1464,1
DA:1465,1
DA:1466,1
DA:1467,1
DA:1468,1
DA:1469,1
DA:1470,1
DA:1471,1
DA:1472,1
DA:1473,1
DA:1474,1
DA:1475,1
DA:1476,1
DA:1477,1
DA:1478,1
DA:1479,1
DA:1480,1
DA:1481,1
DA:1482,1
DA:1483,1
DA:1484,1
DA:1485,1
DA:1486,1
DA:1487,1
DA:1488,1
DA:1489,1
DA:1490,1
DA:1491,1
DA:1492,1
DA:1493,1
DA:1494,1
DA:1495,1
DA:1496,1
DA:1497,1
DA:1498,1
DA:1499,1
DA:1500,1
DA:1501,1
DA:1502,1
DA:1503,1
DA:1504,1
DA:1505,1
DA:1506,1
DA:1507,1
DA:1508,1
DA:1509,1
DA:1510,1
DA:1511,1
DA:1512,1
DA:1513,1
DA:1514,1
DA:1515,1
DA:1516,1
DA:1517,1
DA:1518,1
DA:1519,1
DA:1520,1
DA:1521,1
DA:1522,1
DA:1523,1
DA:1524,1
DA:1525,1
DA:1526,1
DA:1527,1
DA:1528,1
DA:1529,1
DA:1530,1
DA:1531,1
DA:1532,1
DA:1533,1
DA:1534,1
DA:1535,1
DA:1536,1
DA:1537,1
DA:1538,1
DA:1539,1
DA:1540,1
DA:1541,1
DA:1542,1
DA:1543,1
DA:1544,1
DA:1545,1
DA:1546,1
DA:1547,1
DA:1548,1
DA:1549,1
DA:1550,1
DA:1551,1
DA:1552,1
DA:1553,1
DA:1554,1
DA:1555,1
DA:1556,1
DA:1557,1
DA:1558,1
DA:1559,1
DA:1560,1
DA:1561,1
DA:1562,1
DA:1563,1
DA:1564,1
DA:1565,1
DA:1566,1
DA:1567,1
DA:1568,1
DA:1569,1
DA:1570,1
DA:1571,1
DA:1572,1
DA:1573,1
DA:1574,1
DA:1575,1
DA:1576,1
DA:1577,1
DA:1578,1
DA:1579,1
DA:1580,1
DA:1581,1
DA:1582,1
DA:1583,1
DA:1584,1
DA:1585,1
DA:1586,1
DA:1587,1
DA:1588,1
DA:1589,1
DA:1590,1
DA:1591,1
DA:1592,1
DA:1593,1
DA:1594,1
DA:1595,1
DA:1596,1
DA:1597,1
DA:1598,1
DA:1599,1
DA:1600,1
DA:1601,1
DA:1602,1
DA:1603,1
DA:1604,1
DA:1605,1
DA:1606,1
DA:1607,1
DA:1608,1
DA:1609,1
DA:1610,1
DA:1611,1
DA:1612,1
DA:1613,1
DA:1614,1
DA:1615,1
DA:1616,1
DA:1617,1
DA:1618,1
DA:1619,1
DA:1620,1
DA:1621,1
DA:1622,1
DA:1623,1
DA:1624,1
DA:1625,1
DA:1626,1
DA:1627,1
DA:1628,1
DA:1629,1
DA:1630,1
DA:1631,1
DA:1632,1
DA:1633,1
DA:1634,1
DA:1635,1
DA:1636,1
DA:1637,1
DA:1638,1
DA:1639,1
DA:1640,1
DA:1641,1
DA:1642,1
DA:1643,1
DA:1644,1
DA:1645,1
DA:1646,1
DA:1647,1
DA:1648,1
DA:1649,1
DA:1650,1
DA:1651,1
DA:1652,1
DA:1653,1
DA:1654,1
DA:1655,1
DA:1656,1
DA:1657,1
DA:1658,1
DA:1659,1
DA:1660,1
DA:1661,1
DA:1662,1
DA:1663,1
DA:1664,1
DA:1665,1
DA:1666,1
DA:1667,1
DA:1668,1
DA:1669,1
DA:1670,1
DA:1671,1
DA:1672,1
DA:1673,1
DA:1674,1
DA:1675,1
DA:1676,1
DA:1677,1
DA:1678,1
DA:1679,1
DA:1680,1
DA:1681,1
DA:1682,1
DA:1683,1
DA:1684,1
DA:1685,1
DA:1686,1
DA:1687,1
DA:1688,1
DA:1689,1
DA:1690,1
DA:1691,1
DA:1692,1
DA:1693,1
DA:1694,1
DA:1695,1
DA:1696,1
DA:1697,1
DA:1698,1
DA:1699,1
DA:1700,1
DA:1701,1
DA:1702,1
DA:1703,1
DA:1704,1
DA:1705,1
DA:1706,1
DA:1707,1
DA:1708,1
DA:1709,1
DA:1710,1
DA:1711,1
DA:1712,1
DA:1713,1
DA:1714,1
DA:1715,1
DA:1716,1
DA:1717,1
DA:1718,1
DA:1719,1
DA:1720,1
DA:1721,1
DA:1722,1
DA:1723,1
DA:1724,1
DA:1725,1
DA:1726,1
DA:1727,1
DA:1728,1
DA:1729,1
DA:1730,1
DA:1731,1
DA:1732,1
DA:1733,1
DA:1734,1
DA:1735,1
DA:1736,1
DA:1737,1
DA:1738,1
DA:1739,1
DA:1740,1
DA:1741,1
DA:1742,1
DA:1743,1
DA:1744,1
DA:1745,1
DA:1746,1
DA:1747,1
DA:1748,1
DA:1749,1
DA:1750,1
DA:1751,1
DA:1752,1
DA:1753,1
DA:1754,1
DA:1755,1
DA:1756,1
DA:1757,1
DA:1758,1
DA:1759,1
DA:1760,1
DA:1761,1
DA:1762,1
DA:1763,1
DA:1764,1
DA:1765,1
DA:1766,1
DA:1767,1
DA:1768,1
DA:1769,1
DA:1770,1
DA:1771,1
DA:1772,1
DA:1773,1
DA:1774,1
DA:1775,1
DA:1776,1
DA:1777,1
DA:1778,1
DA:1779,1
DA:1780,1
DA:1781,1
DA:1782,1
DA:1783,1
DA:1784,1
DA:1785,1
DA:1786,1
DA:1787,1
DA:1788,1
DA:1789,1
DA:1790,1
DA:1791,1
DA:1792,1
DA:1793,1
DA:1794,1
DA:1795,1
DA:1796,1
DA:1797,1
DA:1798,1
DA:1799,1
DA:1800,1
DA:1801,1
DA:1802,1
DA:1803,1
DA:1804,1
DA:1805,1
DA:1806,1
DA:1807,1
DA:1808,1
DA:1809,1
DA:1810,1
DA:1811,1
DA:1812,1
DA:1813,1
DA:1814,1
DA:1815,1
DA:1816,1
DA:1817,1
DA:1818,1
DA:1819,1
DA:1820,1
DA:1821,1
DA:1822,1
DA:1823,1
DA:1824,1
DA:1825,1
DA:1826,1
DA:1827,1
DA:1828,1
DA:1829,1
DA:1830,1
DA:1831,1
DA:1832,1
DA:1833,1
DA:1834,1
DA:1835,1
DA:1836,1
DA:1837,1
DA:1838,1
DA:1839,1
DA:1840,1
DA:1841,1
DA:1842,1
DA:1843,1
DA:1844,1
DA:1845,1
DA:1846,1
DA:1847,1
DA:1848,1
DA:1849,1
DA:1850,0
DA:1851,0
DA:1852,0
DA:1853,0
DA:1854,0
DA:1855,0
DA:1856,1
DA:1857,1
DA:1858,0
DA:1859,0
DA:1860,0
DA:1861,0
DA:1862,0
DA:1863,0
DA:1864,1
DA:1865,1
DA:1866,0
DA:1867,0
DA:1868,0
DA:1869,0
DA:1870,0
DA:1871,0
DA:1872,1
DA:1873,1
DA:1874,0
DA:1875,0
DA:1876,0
DA:1877,0
DA:1878,0
DA:1879,0
DA:1880,1
DA:1881,1
DA:1882,0
DA:1883,0
DA:1884,0
DA:1885,0
DA:1886,0
DA:1887,0
DA:1888,1
DA:1889,1
DA:1890,0
DA:1891,0
DA:1892,0
DA:1893,0
DA:1894,0
DA:1895,0
DA:1896,1
DA:1897,1
DA:1898,0
DA:1899,0
DA:1900,0
DA:1901,0
DA:1902,0
DA:1903,0
DA:1904,1
DA:1905,1
DA:1906,0
DA:1907,0
DA:1908,0
DA:1909,0
DA:1910,0
DA:1911,0
DA:1912,1
DA:1913,1
DA:1914,0
DA:1915,0
DA:1916,0
DA:1917,0
DA:1918,0
DA:1919,0
DA:1920,1
DA:1921,1
DA:1922,0
DA:1923,0
DA:1924,0
DA:1925,0
DA:1926,0
DA:1927,0
DA:1928,1
DA:1929,1
DA:1930,0
DA:1931,0
DA:1932,0
DA:1933,0
DA:1934,0
DA:1935,0
DA:1936,1
DA:1937,1
DA:1938,0
DA:1939,0
DA:1940,0
DA:1941,0
DA:1942,0
DA:1943,0
DA:1944,1
DA:1945,1
DA:1946,0
DA:1947,0
DA:1948,0
DA:1949,0
DA:1950,0
DA:1951,0
DA:1952,1
DA:1953,1
DA:1954,0
DA:1955,0
DA:1956,0
DA:1957,0
DA:1958,0
DA:1959,0
DA:1960,1
DA:1961,1
DA:1962,0
DA:1963,0
DA:1964,0
DA:1965,0
DA:1966,0
DA:1967,0
DA:1968,1
DA:1969,1
DA:1970,0
DA:1971,0
DA:1972,0
DA:1973,0
DA:1974,0
DA:1975,0
DA:1976,1
DA:1977,1
DA:1978,0
DA:1979,0
DA:1980,0
DA:1981,0
DA:1982,0
DA:1983,0
DA:1984,1
DA:1985,1
DA:1986,0
DA:1987,0
DA:1988,0
DA:1989,0
DA:1990,0
DA:1991,0
DA:1992,1
DA:1993,1
DA:1994,0
DA:1995,0
DA:1996,0
DA:1997,0
DA:1998,0
DA:1999,0
DA:2000,1
DA:2001,1
DA:2002,0
DA:2003,0
DA:2004,0
DA:2005,0
DA:2006,0
DA:2007,0
DA:2008,1
DA:2009,1
DA:2010,0
DA:2011,0
DA:2012,0
DA:2013,0
DA:2014,0
DA:2015,0
DA:2016,1
DA:2017,1
DA:2018,0
DA:2019,0
DA:2020,0
DA:2021,0
DA:2022,0
DA:2023,0
DA:2024,1
DA:2025,1
DA:2026,1
DA:2027,1
DA:2028,1
DA:2029,1
DA:2030,1
DA:2031,1
DA:2032,1
DA:2033,1
DA:2034,1
DA:2035,1
DA:2036,1
DA:2037,1
DA:2038,1
DA:2039,1
DA:2040,1
DA:2041,1
DA:2042,1
DA:2043,1
DA:2044,1
DA:2045,1
DA:2046,1
DA:2047,1
DA:2048,1
DA:2049,1
DA:2050,1
DA:2051,1
DA:2052,1
DA:2053,1
DA:2054,1
DA:2055,1
DA:2056,1
DA:2057,1
DA:2058,1
DA:2059,1
DA:2060,1
DA:2061,1
DA:2062,1
DA:2063,1
DA:2064,1
DA:2065,1
DA:2066,1
DA:2067,1
DA:2068,1
DA:2069,1
DA:2070,1
DA:2071,1
DA:2072,1
DA:2073,1
DA:2074,1
DA:2075,1
DA:2076,1
DA:2077,1
DA:2078,1
DA:2079,1
DA:2080,1
DA:2081,1
DA:2082,1
DA:2083,1
DA:2084,864
DA:2085,29484
DA:2086,378
DA:2087,29484
DA:2088,810
DA:2089,810
DA:2090,28296
DA:2091,864
DA:2092,1
DA:2093,1
DA:2094,1
LF:2094
LH:1944
BRDA:2083,0,0,864
BRDA:2084,1,0,29484
BRDA:2085,2,0,378
BRDA:2087,3,0,29106
BRDA:2087,4,0,810
BRDA:2087,5,0,810
BRDA:2089,6,0,28296
BRDA:2093,7,0,47
BRF:8
BRH:8
end_of_record
TN:
SF:packages\mermaid\src\directiveUtils.ts
FN:8,parseDirective
FN:47,get
FN:49,handleDirective
FNF:3
FNH:3
FNDA:138,parseDirective
FNDA:42,get
FNDA:38,handleDirective
DA:1,1
DA:2,1
DA:3,1
DA:4,1
DA:5,1
DA:6,1
DA:7,1
DA:8,1
DA:9,138
DA:10,138
DA:11,138
DA:12,138
DA:13,138
DA:14,138
DA:15,138
DA:16,138
DA:17,138
DA:18,138
DA:19,138
DA:20,38
DA:21,38
DA:22,138
DA:23,38
DA:24,0
DA:25,0
DA:26,38
DA:27,38
DA:28,138
DA:29,24
DA:30,0
DA:31,0
DA:32,24
DA:33,24
DA:34,138
DA:35,38
DA:36,38
DA:37,38
DA:38,138
DA:39,138
DA:40,138
DA:41,0
DA:42,0
DA:43,0
DA:44,0
DA:45,0
DA:46,0
DA:47,42
DA:48,1
DA:49,1
DA:50,38
DA:51,38
DA:52,38
DA:53,38
DA:54,24
DA:55,24
DA:56,3
DA:57,0
DA:58,0
DA:59,3
DA:60,3
DA:61,3
DA:62,24
DA:63,24
DA:64,24
DA:65,24
DA:66,24
DA:67,24
DA:68,24
DA:69,38
DA:70,38
DA:71,14
DA:72,14
DA:73,14
DA:74,14
DA:75,38
DA:76,0
DA:77,0
DA:78,38
DA:79,0
DA:80,0
DA:81,0
DA:82,0
DA:83,0
DA:84,0
DA:85,0
DA:86,38
DA:87,38
LF:87
LH:66
BRDA:8,0,0,138
BRDA:19,1,0,38
BRDA:22,2,0,38
BRDA:23,3,0,0
BRDA:28,4,0,24
BRDA:29,5,0,0
BRDA:34,6,0,38
BRDA:40,7,0,0
BRDA:47,8,0,42
BRDA:49,9,0,38
BRDA:52,10,0,23
BRDA:53,11,0,24
BRDA:69,12,0,14
BRDA:70,13,0,14
BRDA:75,14,0,0
BRDA:78,15,0,0
BRDA:54,16,0,24
BRDA:55,17,0,3
BRDA:56,18,0,0
BRF:19
BRH:13
end_of_record
TN:
SF:packages\mermaid\src\docs.mts
FN:89,generateHeader
FN:109,changeToFinalDocDir
FN:122,logWasOrShouldBeTransformed
FN:142,copyTransformedContents
FN:159,readSyncedUTF8file
FN:168,capitalize
FN:170,transformToBlockQuote
FN:183,get
FN:185,injectPlaceholders
FN:188,transformIncludeStatements
FN:229,transformMarkdownAst
FN:281,get
FN:297,transformMarkdown
FN:333,transformHtml
FN:364,getGlobs
FN:372,getFilesFromGlobs
FN:377,main
FN:422,matcher
FNF:18
FNH:8
FNDA:0,generateHeader
FNDA:0,changeToFinalDocDir
FNDA:0,logWasOrShouldBeTransformed
FNDA:0,copyTransformedContents
FNDA:0,readSyncedUTF8file
FNDA:2,capitalize
FNDA:4,transformToBlockQuote
FNDA:3,get
FNDA:0,injectPlaceholders
FNDA:0,transformIncludeStatements
FNDA:8,transformMarkdownAst
FNDA:8,get
FNDA:0,transformMarkdown
FNDA:0,transformHtml
FNDA:3,getGlobs
FNDA:3,getFilesFromGlobs
FNDA:1,main
FNDA:0,matcher
DA:1,1
DA:2,1
DA:3,1
DA:4,1
DA:5,1
DA:6,1
DA:7,1
DA:8,1
DA:9,1
DA:10,1
DA:11,1
DA:12,1
DA:13,1
DA:14,1
DA:15,1
DA:16,1
DA:17,1
DA:18,1
DA:19,1
DA:20,1
DA:21,1
DA:22,1
DA:23,1
DA:24,1
DA:25,1
DA:26,1
DA:27,1
DA:28,1
DA:29,1
DA:30,1
DA:31,1
DA:32,1
DA:33,1
DA:34,1
DA:35,1
DA:36,1
DA:37,1
DA:38,1
DA:39,1
DA:40,1
DA:41,1
DA:42,1
DA:43,1
DA:44,1
DA:45,1
DA:46,1
DA:47,1
DA:48,1
DA:49,1
DA:50,1
DA:51,1
DA:52,1
DA:53,1
DA:54,1
DA:55,1
DA:56,1
DA:57,1
DA:58,1
DA:59,1
DA:60,1
DA:61,1
DA:62,1
DA:63,1
DA:64,1
DA:65,1
DA:66,1
DA:67,1
DA:68,1
DA:69,1
DA:70,1
DA:71,1
DA:72,1
DA:73,1
DA:74,1
DA:75,1
DA:76,1
DA:77,1
DA:78,1
DA:79,1
DA:80,1
DA:81,1
DA:82,1
DA:83,1
DA:84,1
DA:85,1
DA:86,1
DA:87,1
DA:88,1
DA:89,1
DA:90,0
DA:91,0
DA:92,0
DA:93,0
DA:94,0
DA:95,0
DA:96,0
DA:97,0
DA:98,0
DA:99,1
DA:100,1
DA:101,1
DA:102,1
DA:103,1
DA:104,1
DA:105,1
DA:106,1
DA:107,1
DA:108,1
DA:109,1
DA:110,0
DA:111,0
DA:112,0
DA:113,0
DA:114,1
DA:115,1
DA:116,1
DA:117,1
DA:118,1
DA:119,1
DA:120,1
DA:121,1
DA:122,1
DA:123,0
DA:124,0
DA:125,0
DA:126,0
DA:127,0
DA:128,0
DA:129,0
DA:130,0
DA:131,1
DA:132,1
DA:133,1
DA:134,1
DA:135,1
DA:136,1
DA:137,1
DA:138,1
DA:139,1
DA:140,1
DA:141,1
DA:142,1
DA:143,0
DA:144,0
DA:145,0
DA:146,0
DA:147,0
DA:148,0
DA:149,0
DA:150,0
DA:151,0
DA:152,0
DA:153,0
DA:154,0
DA:155,0
DA:156,0
DA:157,0
DA:158,1
DA:159,1
DA:160,0
DA:161,0
DA:162,1
DA:163,1
DA:164,1
DA:165,1
DA:166,1
DA:167,1
DA:168,1
DA:169,1
DA:170,1
DA:171,4
DA:172,4
DA:173,4
DA:174,4
DA:175,4
DA:176,0
DA:177,0
DA:178,4
DA:179,4
DA:180,4
DA:181,4
DA:182,4
DA:183,3
DA:184,1
DA:185,1
DA:186,0
DA:187,1
DA:188,1
DA:189,0
DA:190,0
DA:191,0
DA:192,0
DA:193,0
DA:194,0
DA:195,0
DA:196,0
DA:197,0
DA:198,0
DA:199,0
DA:200,0
DA:201,1
DA:202,1
DA:203,1
DA:204,1
DA:205,1
DA:206,1
DA:207,1
DA:208,1
DA:209,1
DA:210,1
DA:211,1
DA:212,1
DA:213,1
DA:214,1
DA:215,1
DA:216,1
DA:217,1
DA:218,1
DA:219,1
DA:220,1
DA:221,1
DA:222,1
DA:223,1
DA:224,1
DA:225,1
DA:226,1
DA:227,1
DA:228,1
DA:229,1
DA:230,8
DA:231,8
DA:232,8
DA:233,8
DA:234,8
DA:235,8
DA:236,31
DA:237,26
DA:238,26
DA:239,5
DA:240,31
DA:241,1
DA:242,1
DA:243,1
DA:244,31
DA:245,3
DA:246,3
DA:247,3
DA:248,3
DA:249,3
DA:250,3
DA:251,1
DA:252,1
DA:253,1
DA:254,1
DA:255,1
DA:256,0
DA:257,0
DA:258,8
DA:259,8
DA:260,8
DA:261,0
DA:262,0
DA:263,0
DA:264,0
DA:265,0
DA:266,0
DA:267,0
DA:268,0
DA:269,0
DA:270,8
DA:271,8
DA:272,1
DA:273,1
DA:274,1
DA:275,1
DA:276,1
DA:277,1
DA:278,8
DA:279,8
DA:280,8
DA:281,8
DA:282,1
DA:283,1
DA:284,1
DA:285,1
DA:286,1
DA:287,1
DA:288,1
DA:289,1
DA:290,1
DA:291,1
DA:292,1
DA:293,1
DA:294,1
DA:295,1
DA:296,1
DA:297,1
DA:298,0
DA:299,0
DA:300,0
DA:301,0
DA:302,0
DA:303,0
DA:304,0
DA:305,0
DA:306,0
DA:307,0
DA:308,0
DA:309,0
DA:310,0
DA:311,0
DA:312,0
DA:313,0
DA:314,0
DA:315,0
DA:316,0
DA:317,0
DA:318,0
DA:319,0
DA:320,0
DA:321,0
DA:322,0
DA:323,1
DA:324,1
DA:325,1
DA:326,1
DA:327,1
DA:328,1
DA:329,1
DA:330,1
DA:331,1
DA:332,1
DA:333,1
DA:334,0
DA:335,0
DA:336,0
DA:337,0
DA:338,0
DA:339,0
DA:340,0
DA:341,0
DA:342,0
DA:343,0
DA:344,0
DA:345,0
DA:346,0
DA:347,0
DA:348,0
DA:349,0
DA:350,0
DA:351,0
DA:352,0
DA:353,0
DA:354,0
DA:355,0
DA:356,0
DA:357,0
DA:358,0
DA:359,0
DA:360,0
DA:361,0
DA:362,0
DA:363,1
DA:364,1
DA:365,3
DA:366,3
DA:367,3
DA:368,3
DA:369,3
DA:370,3
DA:371,1
DA:372,1
DA:373,3
DA:374,3
DA:375,1
DA:376,1
DA:377,1
DA:378,1
DA:379,0
DA:380,0
DA:381,1
DA:382,1
DA:383,1
DA:384,1
DA:385,1
DA:386,1
DA:387,1
DA:388,1
DA:389,1
DA:390,1
DA:391,0
DA:392,0
DA:393,0
DA:394,0
DA:395,1
DA:396,1
DA:397,1
DA:398,1
DA:399,1
DA:400,1
DA:401,1
DA:402,1
DA:403,0
DA:404,0
DA:405,0
DA:406,0
DA:407,0
DA:408,0
DA:409,0
DA:410,0
DA:411,0
DA:412,0
DA:413,0
DA:414,0
DA:415,0
DA:416,0
DA:417,0
DA:418,0
DA:419,0
DA:420,0
DA:421,0
DA:422,0
DA:423,0
DA:424,0
DA:425,0
DA:426,0
DA:427,0
DA:428,0
DA:429,0
DA:430,0
DA:431,0
DA:432,0
DA:433,0
DA:434,0
DA:435,0
DA:436,0
DA:437,0
DA:438,0
DA:439,0
DA:440,0
DA:441,0
DA:442,0
DA:443,0
DA:444,0
DA:445,0
DA:446,1
DA:447,1
DA:448,1
LF:448
LH:281
BRDA:74,0,0,0
BRDA:82,1,0,0
BRDA:168,2,0,2
BRDA:170,3,0,4
BRDA:175,4,0,0
BRDA:179,5,0,3
BRDA:180,6,0,2
BRDA:183,7,0,3
BRDA:229,8,0,8
BRDA:234,9,0,8
BRDA:260,10,0,0
BRDA:271,11,0,1
BRDA:235,12,0,31
BRDA:236,13,0,5
BRDA:236,14,0,26
BRDA:238,15,0,5
BRDA:240,16,0,1
BRDA:244,17,0,4
BRDA:244,18,0,3
BRDA:250,19,0,1
BRDA:255,20,0,0
BRDA:281,21,0,8
BRDA:364,22,0,3
BRDA:372,23,0,3
BRDA:377,24,0,1
BRDA:378,25,0,0
BRDA:383,26,0,0
BRDA:390,27,0,0
BRDA:402,28,0,0
BRF:29
BRH:20
end_of_record
TN:
SF:packages\mermaid\src\errors.ts
FN:2,UnknownDiagramError
FN:6,get
FNF:2
FNH:2
FNDA:9,UnknownDiagramError
FNDA:9,get
DA:1,1
DA:2,1
DA:3,9
DA:4,9
DA:5,9
DA:6,9
LF:6
LH:6
BRDA:2,0,0,9
BRDA:6,1,0,9
BRF:2
BRH:2
end_of_record
TN:
SF:packages\mermaid\src\interactionDb.ts
FN:2,addFunction
FN:4,get
FN:5,attachFunctions
FN:10,get
FNF:4
FNH:4
FNDA:49,addFunction
FNDA:49,get
FNDA:26,attachFunctions
FNDA:26,get
DA:1,1
DA:2,1
DA:3,49
DA:4,49
DA:5,1
DA:6,26
DA:7,0
DA:8,26
DA:9,26
DA:10,26
LF:10
LH:9
BRDA:2,0,0,49
BRDA:4,1,0,49
BRDA:5,2,0,26
BRDA:10,3,0,26
BRF:4
BRH:4
end_of_record
TN:
SF:packages\mermaid\src\logger.ts
FN:16,get
FN:19,trace
FN:20,debug
FN:21,info
FN:22,warn
FN:23,error
FN:24,fatal
FN:25,get
FN:32,setLogLevel
FN:42,log.trace
FN:43,log.debug
FN:44,log.info
FN:45,log.warn
FN:46,log.error
FN:47,log.fatal
FN:79,get
FN:87,format
FNF:17
FNH:11
FNDA:0,get
FNDA:0,trace
FNDA:115,debug
FNDA:1,info
FNDA:26,warn
FNDA:0,error
FNDA:0,fatal
FNDA:4772,get
FNDA:104,setLogLevel
FNDA:376,log.trace
FNDA:2081,log.debug
FNDA:843,log.info
FNDA:0,log.warn
FNDA:32,log.error
FNDA:0,log.fatal
FNDA:125,get
FNDA:345,format
DA:1,1
DA:2,1
DA:3,1
DA:4,1
DA:5,1
DA:6,1
DA:7,1
DA:8,1
DA:9,1
DA:10,1
DA:11,1
DA:12,1
DA:13,1
DA:14,1
DA:15,1
DA:16,0
DA:17,1
DA:18,1
DA:19,1
DA:20,1
DA:21,1
DA:22,1
DA:23,1
DA:24,1
DA:25,4772
DA:26,1
DA:27,1
DA:28,1
DA:29,1
DA:30,1
DA:31,1
DA:32,1
DA:33,104
DA:34,104
DA:35,31
DA:36,31
DA:37,31
DA:38,31
DA:39,104
DA:40,73
DA:41,73
DA:42,104
DA:43,104
DA:44,104
DA:45,104
DA:46,104
DA:47,104
DA:48,104
DA:49,104
DA:50,104
DA:51,104
DA:52,0
DA:53,104
DA:54,104
DA:55,52
DA:56,52
DA:57,0
DA:58,52
DA:59,104
DA:60,52
DA:61,52
DA:62,0
DA:63,52
DA:64,104
DA:65,52
DA:66,52
DA:67,0
DA:68,52
DA:69,104
DA:70,52
DA:71,52
DA:72,0
DA:73,52
DA:74,104
DA:75,33
DA:76,33
DA:77,0
DA:78,33
DA:79,125
DA:80,1
DA:81,1
DA:82,1
DA:83,1
DA:84,1
DA:85,1
DA:86,1
DA:87,1
DA:88,345
DA:89,345
DA:90,345
LF:90
LH:83
BRDA:20,0,0,115
BRDA:21,1,0,1
BRDA:22,2,0,26
BRDA:25,3,0,4772
BRDA:32,4,0,104
BRDA:34,5,0,31
BRDA:39,6,0,73
BRDA:51,7,0,0
BRDA:54,8,0,52
BRDA:56,9,0,0
BRDA:59,10,0,52
BRDA:61,11,0,0
BRDA:64,12,0,52
BRDA:66,13,0,0
BRDA:69,14,0,52
BRDA:71,15,0,0
BRDA:74,16,0,33
BRDA:76,17,0,0
BRDA:42,18,0,376
BRDA:43,19,0,2081
BRDA:44,20,0,843
BRDA:46,21,0,32
BRDA:79,22,0,125
BRDA:87,23,0,345
BRF:24
BRH:18
end_of_record
TN:
SF:packages\mermaid\src\mermaid.ts
FN:50,handleError
FN:95,run
FN:116,runThrowsErrors
FN:195,initialize
FN:213,init
FN:240,registerExternalDiagrams
FN:259,contentLoaded
FN:289,setParseErrorHandler
FN:295,executeQueue
FN:320,parse
FN:324,performCall
FN:369,render
FN:373,performCall
FNF:13
FNH:10
FNDA:0,handleError
FNDA:5,run
FNDA:5,runThrowsErrors
FNDA:0,initialize
FNDA:0,init
FNDA:3,registerExternalDiagrams
FNDA:4,contentLoaded
FNDA:1,setParseErrorHandler
FNDA:11,executeQueue
FNDA:6,parse
FNDA:6,performCall
FNDA:5,render
FNDA:5,performCall
DA:1,1
DA:2,1
DA:3,1
DA:4,1
DA:5,1
DA:6,1
DA:7,1
DA:8,1
DA:9,1
DA:10,1
DA:11,1
DA:12,1
DA:13,1
DA:14,1
DA:15,1
DA:16,1
DA:17,1
DA:18,1
DA:19,1
DA:20,1
DA:21,1
DA:22,1
DA:23,1
DA:24,1
DA:25,1
DA:26,1
DA:27,1
DA:28,1
DA:29,1
DA:30,1
DA:31,1
DA:32,1
DA:33,1
DA:34,1
DA:35,1
DA:36,1
DA:37,1
DA:38,1
DA:39,1
DA:40,1
DA:41,1
DA:42,1
DA:43,1
DA:44,1
DA:45,1
DA:46,1
DA:47,1
DA:48,1
DA:49,1
DA:50,1
DA:51,0
DA:52,0
DA:53,0
DA:54,0
DA:55,0
DA:56,0
DA:57,0
DA:58,0
DA:59,0
DA:60,0
DA:61,0
DA:62,0
DA:63,0
DA:64,0
DA:65,0
DA:66,0
DA:67,0
DA:68,0
DA:69,0
DA:70,0
DA:71,0
DA:72,0
DA:73,0
DA:74,1
DA:75,1
DA:76,1
DA:77,1
DA:78,1
DA:79,1
DA:80,1
DA:81,1
DA:82,1
DA:83,1
DA:84,1
DA:85,1
DA:86,1
DA:87,1
DA:88,1
DA:89,1
DA:90,1
DA:91,1
DA:92,1
DA:93,1
DA:94,1
DA:95,1
DA:96,5
DA:97,5
DA:98,5
DA:99,5
DA:100,5
DA:101,5
DA:102,5
DA:103,0
DA:104,0
DA:105,0
DA:106,0
DA:107,0
DA:108,0
DA:109,0
DA:110,0
DA:111,0
DA:112,0
DA:113,0
DA:114,5
DA:115,1
DA:116,1
DA:117,5
DA:118,5
DA:119,5
DA:120,5
DA:121,5
DA:122,5
DA:123,5
DA:124,5
DA:125,5
DA:126,5
DA:127,2
DA:128,5
DA:129,3
DA:130,3
DA:131,0
DA:132,0
DA:133,5
DA:134,5
DA:135,5
DA:136,5
DA:137,5
DA:138,5
DA:139,5
DA:140,5
DA:141,5
DA:142,5
DA:143,5
DA:144,5
DA:145,5
DA:146,5
DA:147,5
DA:148,5
DA:149,5
DA:150,5
DA:151,5
DA:152,0
DA:153,0
DA:154,5
DA:155,5
DA:156,5
DA:157,5
DA:158,5
DA:159,5
DA:160,5
DA:161,5
DA:162,5
DA:163,5
DA:164,5
DA:165,5
DA:166,5
DA:167,5
DA:168,0
DA:169,0
DA:170,5
DA:171,5
DA:172,5
DA:173,5
DA:174,0
DA:175,0
DA:176,5
DA:177,0
DA:178,0
DA:179,5
DA:180,0
DA:181,0
DA:182,5
DA:183,5
DA:184,0
DA:185,0
DA:186,0
DA:187,5
DA:188,1
DA:189,1
DA:190,1
DA:191,1
DA:192,1
DA:193,1
DA:194,1
DA:195,1
DA:196,0
DA:197,0
DA:198,1
DA:199,1
DA:200,1
DA:201,1
DA:202,1
DA:203,1
DA:204,1
DA:205,1
DA:206,1
DA:207,1
DA:208,1
DA:209,1
DA:210,1
DA:211,1
DA:212,1
DA:213,1
DA:214,0
DA:215,0
DA:216,0
DA:217,0
DA:218,0
DA:219,0
DA:220,0
DA:221,0
DA:222,0
DA:223,0
DA:224,0
DA:225,0
DA:226,0
DA:227,0
DA:228,0
DA:229,0
DA:230,0
DA:231,0
DA:232,0
DA:233,0
DA:234,1
DA:235,1
DA:236,1
DA:237,1
DA:238,1
DA:239,1
DA:240,1
DA:241,3
DA:242,3
DA:243,3
DA:244,3
DA:245,3
DA:246,3
DA:247,3
DA:248,3
DA:249,3
DA:250,2
DA:251,1
DA:252,3
DA:253,1
DA:254,1
DA:255,1
DA:256,1
DA:257,1
DA:258,1
DA:259,1
DA:260,4
DA:261,3
DA:262,3
DA:263,3
DA:264,3
DA:265,3
DA:266,4
DA:267,1
DA:268,1
DA:269,1
DA:270,1
DA:271,1
DA:272,1
DA:273,1
DA:274,1
DA:275,1
DA:276,1
DA:277,1
DA:278,1
DA:279,1
DA:280,1
DA:281,1
DA:282,1
DA:283,1
DA:284,1
DA:285,1
DA:286,1
DA:287,1
DA:288,1
DA:289,1
DA:290,1
DA:291,1
DA:292,1
DA:293,1
DA:294,1
DA:295,1
DA:296,11
DA:297,0
DA:298,0
DA:299,11
DA:300,11
DA:301,11
DA:302,11
DA:303,11
DA:304,11
DA:305,11
DA:306,4
DA:307,4
DA:308,11
DA:309,11
DA:310,11
DA:311,11
DA:312,1
DA:313,1
DA:314,1
DA:315,1
DA:316,1
DA:317,1
DA:318,1
DA:319,1
DA:320,1
DA:321,6
DA:322,6
DA:323,6
DA:324,6
DA:325,6
DA:326,6
DA:327,6
DA:328,2
DA:329,2
DA:330,2
DA:331,2
DA:332,2
DA:333,6
DA:334,4
DA:335,4
DA:336,4
DA:337,4
DA:338,4
DA:339,6
DA:340,6
DA:341,6
DA:342,6
DA:343,6
DA:344,6
DA:345,1
DA:346,1
DA:347,1
DA:348,1
DA:349,1
DA:350,1
DA:351,1
DA:352,1
DA:353,1
DA:354,1
DA:355,1
DA:356,1
DA:357,1
DA:358,1
DA:359,1
DA:360,1
DA:361,1
DA:362,1
DA:363,1
DA:364,1
DA:365,1
DA:366,1
DA:367,1
DA:368,1
DA:369,1
DA:370,5
DA:371,5
DA:372,5
DA:373,5
DA:374,5
DA:375,5
DA:376,5
DA:377,5
DA:378,5
DA:379,5
DA:380,5
DA:381,5
DA:382,5
DA:383,0
DA:384,0
DA:385,0
DA:386,0
DA:387,0
DA:388,5
DA:389,5
DA:390,5
DA:391,5
DA:392,5
DA:393,5
DA:394,1
DA:395,1
DA:396,1
DA:397,1
DA:398,1
DA:399,1
DA:400,1
DA:401,1
DA:402,1
DA:403,1
DA:404,1
DA:405,1
DA:406,1
DA:407,1
DA:408,1
DA:409,1
DA:410,1
DA:411,1
DA:412,1
DA:413,1
DA:414,1
DA:415,1
DA:416,1
DA:417,1
DA:418,1
DA:419,1
DA:420,1
DA:421,1
DA:422,1
DA:423,1
LF:423
LH:345
BRDA:95,0,0,5
BRDA:102,1,0,0
BRDA:116,2,0,5
BRDA:123,3,0,0
BRDA:126,4,0,2
BRDA:128,5,0,3
BRDA:130,6,0,0
BRDA:151,7,0,0
BRDA:167,8,0,0
BRDA:173,9,0,0
BRDA:176,10,0,0
BRDA:179,11,0,0
BRDA:183,12,0,0
BRDA:240,13,0,3
BRDA:249,14,0,2
BRDA:250,15,0,1
BRDA:259,16,0,4
BRDA:260,17,0,3
BRDA:289,18,0,1
BRDA:295,19,0,11
BRDA:296,20,0,0
BRDA:304,21,0,7
BRDA:305,22,0,4
BRDA:320,23,0,6
BRDA:321,24,0,6
BRDA:324,25,0,6
BRDA:325,26,0,6
BRDA:327,27,0,2
BRDA:333,28,0,4
BRDA:335,29,0,1
BRDA:369,30,0,5
BRDA:370,31,0,5
BRDA:373,32,0,5
BRDA:374,33,0,5
BRDA:376,34,0,5
BRF:35
BRH:25
end_of_record
TN:
SF:packages\mermaid\src\mermaidAPI.ts
FN:102,parse
FN:120,encodeEntities
FN:142,get
FN:149,decodeEntities
FN:157,get
FN:169,cssImportantStyles
FN:175,get
FN:185,createCssStyles
FN:231,get
FN:233,createUserStyles
FN:246,get
FN:256,cleanUpSvgCode
FN:274,get
FN:284,putIntoIFrame
FN:290,get
FN:305,appendDivSvgG
FN:329,get
FN:339,sandboxedIframe
FN:355,removeExistingElements
FN:367,get
FN:375,render
FN:555,initialize
FN:587,addA11yInfo
FN:669,reset
FN:672,globalReset
FN:676,get
FNF:26
FNH:24
FNDA:102,parse
FNDA:33,encodeEntities
FNDA:7,get
FNDA:35,decodeEntities
FNDA:4,get
FNDA:9,cssImportantStyles
FNDA:0,get
FNDA:33,createCssStyles
FNDA:4,get
FNDA:29,createUserStyles
FNDA:3,get
FNDA:31,cleanUpSvgCode
FNDA:5,get
FNDA:6,putIntoIFrame
FNDA:6,get
FNDA:36,appendDivSvgG
FNDA:10,get
FNDA:0,sandboxedIframe
FNDA:29,removeExistingElements
FNDA:3,get
FNDA:26,render
FNDA:12,initialize
FNDA:26,addA11yInfo
FNDA:37,reset
FNDA:8,globalReset
FNDA:2,get
DA:1,1
DA:2,1
DA:3,1
DA:4,1
DA:5,1
DA:6,1
DA:7,1
DA:8,1
DA:9,1
DA:10,1
DA:11,1
DA:12,1
DA:13,1
DA:14,1
DA:15,1
DA:16,1
DA:17,1
DA:18,1
DA:19,1
DA:20,1
DA:21,1
DA:22,1
DA:23,1
DA:24,1
DA:25,1
DA:26,1
DA:27,1
DA:28,1
DA:29,1
DA:30,1
DA:31,1
DA:32,1
DA:33,1
DA:34,1
DA:35,1
DA:36,1
DA:37,1
DA:38,1
DA:39,1
DA:40,1
DA:41,1
DA:42,1
DA:43,1
DA:44,1
DA:45,1
DA:46,1
DA:47,1
DA:48,1
DA:49,1
DA:50,1
DA:51,1
DA:52,1
DA:53,1
DA:54,1
DA:55,1
DA:56,1
DA:57,1
DA:58,1
DA:59,1
DA:60,1
DA:61,1
DA:62,1
DA:63,1
DA:64,1
DA:65,1
DA:66,1
DA:67,1
DA:68,1
DA:69,1
DA:70,1
DA:71,1
DA:72,1
DA:73,1
DA:74,1
DA:75,1
DA:76,1
DA:77,1
DA:78,1
DA:79,1
DA:80,1
DA:81,1
DA:82,1
DA:83,1
DA:84,1
DA:85,1
DA:86,1
DA:87,1
DA:88,1
DA:89,1
DA:90,1
DA:91,1
DA:92,1
DA:93,1
DA:94,1
DA:95,1
DA:96,1
DA:97,1
DA:98,1
DA:99,1
DA:100,1
DA:101,1
DA:102,102
DA:103,102
DA:104,102
DA:105,102
DA:106,93
DA:107,102
DA:108,9
DA:109,1
DA:110,1
DA:111,8
DA:112,8
DA:113,93
DA:114,93
DA:115,1
DA:116,1
DA:117,1
DA:118,1
DA:119,1
DA:120,1
DA:121,33
DA:122,33
DA:123,33
DA:124,2
DA:125,33
DA:126,33
DA:127,2
DA:128,33
DA:129,33
DA:130,33
DA:131,7
DA:132,7
DA:133,7
DA:134,7
DA:135,2
DA:136,7
DA:137,5
DA:138,5
DA:139,33
DA:140,33
DA:141,33
DA:142,7
DA:143,1
DA:144,1
DA:145,1
DA:146,1
DA:147,1
DA:148,1
DA:149,1
DA:150,35
DA:151,35
DA:152,35
DA:153,35
DA:154,35
DA:155,35
DA:156,35
DA:157,4
DA:158,1
DA:159,1
DA:160,1
DA:161,1
DA:162,1
DA:163,1
DA:164,1
DA:165,1
DA:166,1
DA:167,1
DA:168,1
DA:169,1
DA:170,9
DA:171,9
DA:172,9
DA:173,9
DA:174,9
DA:175,0
DA:176,1
DA:177,1
DA:178,1
DA:179,1
DA:180,1
DA:181,1
DA:182,1
DA:183,1
DA:184,1
DA:185,1
DA:186,33
DA:187,33
DA:188,33
DA:189,33
DA:190,33
DA:191,33
DA:192,33
DA:193,33
DA:194,33
DA:195,33
DA:196,7
DA:197,7
DA:198,33
DA:199,33
DA:200,30
DA:201,30
DA:202,33
DA:203,4
DA:204,4
DA:205,33
DA:206,33
DA:207,33
DA:208,2
DA:209,2
DA:210,2
DA:211,2
DA:212,2
DA:213,2
DA:214,2
DA:215,2
DA:216,2
DA:217,4
DA:218,4
DA:219,4
DA:220,2
DA:221,7
DA:222,2
DA:223,2
DA:224,4
DA:225,4
DA:226,2
DA:227,2
DA:228,4
DA:229,2
DA:230,33
DA:231,4
DA:232,1
DA:233,1
DA:234,29
DA:235,29
DA:236,29
DA:237,29
DA:238,29
DA:239,29
DA:240,29
DA:241,29
DA:242,29
DA:243,29
DA:244,29
DA:245,29
DA:246,3
DA:247,1
DA:248,1
DA:249,1
DA:250,1
DA:251,1
DA:252,1
DA:253,1
DA:254,1
DA:255,1
DA:256,1
DA:257,31
DA:258,31
DA:259,31
DA:260,31
DA:261,31
DA:262,31
DA:263,31
DA:264,31
DA:265,27
DA:266,27
DA:267,31
DA:268,31
DA:269,31
DA:270,31
DA:271,31
DA:272,31
DA:273,31
DA:274,5
DA:275,1
DA:276,1
DA:277,1
DA:278,1
DA:279,1
DA:280,1
DA:281,1
DA:282,1
DA:283,1
DA:284,1
DA:285,6
DA:286,6
DA:287,6
DA:288,6
DA:289,6
DA:290,6
DA:291,1
DA:292,1
DA:293,1
DA:294,1
DA:295,1
DA:296,1
DA:297,1
DA:298,1
DA:299,1
DA:300,1
DA:301,1
DA:302,1
DA:303,1
DA:304,1
DA:305,1
DA:306,36
DA:307,36
DA:308,36
DA:309,36
DA:310,36
DA:311,36
DA:312,36
DA:313,36
DA:314,36
DA:315,2
DA:316,2
DA:317,36
DA:318,36
DA:319,36
DA:320,36
DA:321,36
DA:322,36
DA:323,36
DA:324,2
DA:325,2
DA:326,36
DA:327,36
DA:328,36
DA:329,10
DA:330,1
DA:331,1
DA:332,1
DA:333,1
DA:334,1
DA:335,1
DA:336,1
DA:337,1
DA:338,1
DA:339,0
DA:340,0
DA:341,0
DA:342,0
DA:343,0
DA:344,0
DA:345,0
DA:346,1
DA:347,1
DA:348,1
DA:349,1
DA:350,1
DA:351,1
DA:352,1
DA:353,1
DA:354,1
DA:355,1
DA:356,29
DA:357,29
DA:358,29
DA:359,29
DA:360,29
DA:361,29
DA:362,29
DA:363,29
DA:364,29
DA:365,29
DA:366,29
DA:367,3
DA:368,1
DA:369,1
DA:370,1
DA:371,1
DA:372,1
DA:373,1
DA:374,1
DA:375,1
DA:376,26
DA:377,26
DA:378,26
DA:379,26
DA:380,26
DA:381,26
DA:382,26
DA:383,26
DA:384,26
DA:385,26
DA:386,26
DA:387,0
DA:388,0
DA:389,0
DA:390,26
DA:391,26
DA:392,26
DA:393,26
DA:394,26
DA:395,26
DA:396,0
DA:397,0
DA:398,26
DA:399,26
DA:400,26
DA:401,26
DA:402,26
DA:403,26
DA:404,26
DA:405,26
DA:406,26
DA:407,26
DA:408,26
DA:409,26
DA:410,26
DA:411,26
DA:412,26
DA:413,26
DA:414,26
DA:415,26
DA:416,26
DA:417,26
DA:418,26
DA:419,26
DA:420,0
DA:421,0
DA:422,0
DA:423,0
DA:424,0
DA:425,0
DA:426,0
DA:427,0
DA:428,0
DA:429,0
DA:430,0
DA:431,0
DA:432,0
DA:433,26
DA:434,26
DA:435,26
DA:436,26
DA:437,26
DA:438,26
DA:439,26
DA:440,26
DA:441,26
DA:442,26
DA:443,0
DA:444,0
DA:445,0
DA:446,0
DA:447,26
DA:448,26
DA:449,26
DA:450,26
DA:451,26
DA:452,26
DA:453,26
DA:454,26
DA:455,26
DA:456,26
DA:457,26
DA:458,26
DA:459,26
DA:460,26
DA:461,26
DA:462,26
DA:463,26
DA:464,26
DA:465,26
DA:466,0
DA:467,0
DA:468,0
DA:469,26
DA:470,26
DA:471,26
DA:472,26
DA:473,26
DA:474,26
DA:475,26
DA:476,26
DA:477,26
DA:478,26
DA:479,26
DA:480,26
DA:481,6
DA:482,20
DA:483,26
DA:484,26
DA:485,26
DA:486,26
DA:487,26
DA:488,26
DA:489,26
DA:490,26
DA:491,26
DA:492,26
DA:493,26
DA:494,26
DA:495,26
DA:496,26
DA:497,26
DA:498,26
DA:499,26
DA:500,26
DA:501,0
DA:502,0
DA:503,0
DA:504,26
DA:505,26
DA:506,26
DA:507,26
DA:508,26
DA:509,26
DA:510,26
DA:511,26
DA:512,26
DA:513,26
DA:514,26
DA:515,26
DA:516,26
DA:517,26
DA:518,26
DA:519,26
DA:520,26
DA:521,26
DA:522,0
DA:523,0
DA:524,26
DA:525,26
DA:526,26
DA:527,26
DA:528,26
DA:529,26
DA:530,26
DA:531,26
DA:532,26
DA:533,26
DA:534,26
DA:535,26
DA:536,26
DA:537,26
DA:538,26
DA:539,26
DA:540,26
DA:541,26
DA:542,26
DA:543,0
DA:544,0
DA:545,26
DA:546,26
DA:547,26
DA:548,26
DA:549,26
DA:550,26
DA:551,1
DA:552,1
DA:553,1
DA:554,1
DA:555,12
DA:556,12
DA:557,12
DA:558,0
DA:559,0
DA:560,0
DA:561,0
DA:562,0
DA:563,12
DA:564,12
DA:565,12
DA:566,12
DA:567,12
DA:568,0
DA:569,0
DA:570,0
DA:571,0
DA:572,12
DA:573,12
DA:574,12
DA:575,12
DA:576,12
DA:577,12
DA:578,12
DA:579,12
DA:580,12
DA:581,12
DA:582,1
DA:583,1
DA:584,1
DA:585,1
DA:586,1
DA:587,26
DA:588,26
DA:589,26
DA:590,26
DA:591,26
DA:592,26
DA:593,26
DA:594,26
DA:595,26
DA:596,1
DA:597,1
DA:598,1
DA:599,1
DA:600,1
DA:601,1
DA:602,1
DA:603,1
DA:604,1
DA:605,1
DA:606,1
DA:607,1
DA:608,1
DA:609,1
DA:610,1
DA:611,1
DA:612,1
DA:613,1
DA:614,1
DA:615,1
DA:616,1
DA:617,1
DA:618,1
DA:619,1
DA:620,1
DA:621,1
DA:622,1
DA:623,1
DA:624,1
DA:625,1
DA:626,1
DA:627,1
DA:628,1
DA:629,1
DA:630,1
DA:631,1
DA:632,1
DA:633,1
DA:634,1
DA:635,1
DA:636,1
DA:637,1
DA:638,1
DA:639,1
DA:640,1
DA:641,1
DA:642,1
DA:643,1
DA:644,1
DA:645,1
DA:646,1
DA:647,1
DA:648,1
DA:649,1
DA:650,1
DA:651,1
DA:652,1
DA:653,1
DA:654,1
DA:655,1
DA:656,1
DA:657,1
DA:658,1
DA:659,1
DA:660,1
DA:661,1
DA:662,1
DA:663,1
DA:664,1
DA:665,1
DA:666,1
DA:667,1
DA:668,1
DA:669,1
DA:670,37
DA:671,37
DA:672,1
DA:673,8
DA:674,8
DA:675,1
DA:676,1
DA:677,1
DA:678,1
DA:679,1
DA:680,1
LF:680
LH:631
BRDA:102,0,0,102
BRDA:105,1,0,93
BRDA:107,2,0,9
BRDA:108,3,0,1
BRDA:108,4,0,1
BRDA:110,5,0,8
BRDA:112,6,0,93
BRDA:120,7,0,33
BRDA:123,8,0,2
BRDA:126,9,0,2
BRDA:130,10,0,7
BRDA:134,11,0,2
BRDA:136,12,0,5
BRDA:142,13,0,7
BRDA:149,14,0,35
BRDA:157,15,0,4
BRDA:169,16,0,9
BRDA:185,17,0,33
BRDA:195,18,0,7
BRDA:199,19,0,30
BRDA:202,20,0,4
BRDA:207,21,0,2
BRDA:207,22,0,2
BRDA:208,23,0,1
BRDA:208,24,0,0
BRDA:213,25,0,1
BRDA:213,26,0,1
BRDA:216,27,0,4
BRDA:219,28,0,2
BRDA:225,29,0,2
BRDA:220,30,0,7
BRDA:231,31,0,4
BRDA:233,32,0,29
BRDA:246,33,0,3
BRDA:256,34,0,31
BRDA:264,35,0,28
BRDA:264,36,0,27
BRDA:274,37,0,5
BRDA:284,38,0,6
BRDA:285,39,0,1
BRDA:285,40,0,5
BRDA:290,41,0,6
BRDA:305,42,0,36
BRDA:314,43,0,2
BRDA:323,44,0,2
BRDA:329,45,0,10
BRDA:355,46,0,29
BRDA:362,47,0,3
BRDA:365,48,0,2
BRDA:366,49,0,3
BRDA:367,50,0,3
BRDA:375,51,0,26
BRDA:386,52,0,0
BRDA:395,53,0,0
BRDA:395,54,0,0
BRDA:419,55,0,0
BRDA:442,56,0,0
BRDA:465,57,0,0
BRDA:480,58,0,6
BRDA:481,59,0,20
BRDA:500,60,0,0
BRDA:521,61,0,0
BRDA:536,62,0,0
BRDA:542,63,0,0
BRDA:555,64,0,12
BRDA:557,65,0,0
BRDA:557,66,0,0
BRDA:567,67,0,0
BRDA:567,68,0,0
BRDA:577,69,0,0
BRDA:587,70,0,26
BRDA:669,71,0,37
BRDA:672,72,0,8
BRDA:676,73,0,2
BRF:74
BRH:58
end_of_record
TN:
SF:packages\mermaid\src\setupGraphViewbox.js
FN:9,d3Attrs
FN:23,calculateSvgSizeAttrs
FN:43,configureSvgSize
FN:47,setupGraphViewbox
FNF:4
FNH:3
FNDA:31,d3Attrs
FNDA:33,calculateSvgSizeAttrs
FNDA:31,configureSvgSize
FNDA:0,setupGraphViewbox
DA:1,1
DA:2,1
DA:3,1
DA:4,1
DA:5,1
DA:6,1
DA:7,1
DA:8,1
DA:9,1
DA:10,31
DA:11,62
DA:12,62
DA:13,31
DA:14,1
DA:15,1
DA:16,1
DA:17,1
DA:18,1
DA:19,1
DA:20,1
DA:21,1
DA:22,1
DA:23,1
DA:24,33
DA:25,33
DA:26,32
DA:27,32
DA:28,32
DA:29,1
DA:30,1
DA:31,1
DA:32,33
DA:33,33
DA:34,1
DA:35,1
DA:36,1
DA:37,1
DA:38,1
DA:39,1
DA:40,1
DA:41,1
DA:42,1
DA:43,1
DA:44,31
DA:45,31
DA:46,31
DA:47,1
DA:48,0
DA:49,0
DA:50,0
DA:51,0
DA:52,0
DA:53,0
DA:54,0
DA:55,0
DA:56,0
DA:57,0
DA:58,0
DA:59,0
DA:60,0
DA:61,0
DA:62,0
DA:63,0
DA:64,0
DA:65,0
DA:66,0
DA:67,0
DA:68,0
DA:69,0
DA:70,0
DA:71,0
DA:72,0
DA:73,0
DA:74,0
DA:75,0
DA:76,0
DA:77,0
DA:78,0
DA:79,0
DA:80,0
DA:81,0
DA:82,0
DA:83,0
DA:84,0
LF:84
LH:47
BRDA:9,0,0,31
BRDA:10,1,0,62
BRDA:23,2,0,33
BRDA:25,3,0,32
BRDA:28,4,0,1
BRDA:43,5,0,31
BRF:6
BRH:6
end_of_record
TN:
SF:packages\mermaid\src\styles.ts
FN:6,getStyles
FN:76,addStylesForDiagram
FN:78,get
FNF:3
FNH:2
FNDA:0,getStyles
FNDA:35,addStylesForDiagram
FNDA:35,get
DA:1,1
DA:2,1
DA:3,1
DA:4,1
DA:5,1
DA:6,1
DA:7,0
DA:8,0
DA:9,0
DA:10,0
DA:11,0
DA:12,0
DA:13,0
DA:14,0
DA:15,0
DA:16,0
DA:17,0
DA:18,0
DA:19,0
DA:20,0
DA:21,0
DA:22,0
DA:23,0
DA:24,0
DA:25,0
DA:26,0
DA:27,0
DA:28,0
DA:29,0
DA:30,0
DA:31,0
DA:32,0
DA:33,0
DA:34,0
DA:35,0
DA:36,0
DA:37,0
DA:38,0
DA:39,0
DA:40,0
DA:41,0
DA:42,0
DA:43,0
DA:44,0
DA:45,0
DA:46,0
DA:47,0
DA:48,0
DA:49,0
DA:50,0
DA:51,0
DA:52,0
DA:53,0
DA:54,0
DA:55,0
DA:56,0
DA:57,0
DA:58,0
DA:59,0
DA:60,0
DA:61,0
DA:62,0
DA:63,0
DA:64,0
DA:65,0
DA:66,0
DA:67,0
DA:68,0
DA:69,0
DA:70,0
DA:71,0
DA:72,0
DA:73,0
DA:74,0
DA:75,1
DA:76,1
DA:77,35
DA:78,35
DA:79,1
DA:80,1
LF:80
LH:12
BRDA:76,0,0,35
BRDA:78,1,0,35
BRF:2
BRH:2
end_of_record
TN:
SF:packages\mermaid\src\utils.ts
FN:96,detectInit
FN:123,get
FN:148,detectDirective
FN:190,get
FN:199,isSubstringInArray
FN:206,get
FN:215,interpolateToCurve
FN:224,get
FN:233,formatUrl
FN:243,get
FN:251,runFunc
FN:266,get
FN:283,distance
FN:292,traverseEdge
FN:336,calcLabelPosition
FN:343,calcCardinalityPosition
FN:399,calcTerminalLabelPosition
FN:479,getStylesFromArray
FN:495,get
FN:498,generateId
FN:501,get
FN:509,makeid
FN:519,random
FN:521,get
FN:523,getTextObj
FN:537,get
FN:546,drawSimpleText
FN:584,get
FN:632,get
FN:645,__vite_ssr_import_7__.default.hyphenCharacter
FN:688,calculateTextHeight
FN:697,get
FN:707,calculateTextWidth
FN:713,get
FN:800,get
FN:803,iterator
FN:811,next
FN:818,get
FN:828,entityDecode
FN:835,get
FN:842,directiveSanitizer
FN:901,get
FN:902,sanitizeCss
FN:921,get
FN:931,isDetailedError
FN:933,get
FN:936,getErrorMessage
FN:941,get
FN:951,insertTitle
FN:967,get
FN:977,parseFontSize
FN:993,get
FNF:52
FNH:21
FNDA:36,detectInit
FNDA:0,get
FNDA:36,detectDirective
FNDA:0,get
FNDA:13,isSubstringInArray
FNDA:0,get
FNDA:20,interpolateToCurve
FNDA:20,get
FNDA:30,formatUrl
FNDA:0,get
FNDA:0,runFunc
FNDA:0,get
FNDA:0,distance
FNDA:0,traverseEdge
FNDA:0,calcLabelPosition
FNDA:0,calcCardinalityPosition
FNDA:0,calcTerminalLabelPosition
FNDA:38,getStylesFromArray
FNDA:38,get
FNDA:0,generateId
FNDA:0,get
FNDA:101,makeid
FNDA:101,random
FNDA:49,get
FNDA:0,getTextObj
FNDA:0,get
FNDA:0,drawSimpleText
FNDA:0,get
FNDA:0,get
FNDA:0,__vite_ssr_import_7__.default.hyphenCharacter
FNDA:0,calculateTextHeight
FNDA:0,get
FNDA:220,calculateTextWidth
FNDA:0,get
FNDA:0,get
FNDA:8,iterator
FNDA:11,next
FNDA:0,get
FNDA:5,entityDecode
FNDA:0,get
FNDA:30,directiveSanitizer
FNDA:24,get
FNDA:3,sanitizeCss
FNDA:0,get
FNDA:0,isDetailedError
FNDA:0,get
FNDA:0,getErrorMessage
FNDA:0,get
FNDA:5,insertTitle
FNDA:0,get
FNDA:204,parseFontSize
FNDA:113,get
DA:1,1
DA:2,1
DA:3,1
DA:4,1
DA:5,1
DA:6,1
DA:7,1
DA:8,1
DA:9,1
DA:10,1
DA:11,1
DA:12,1
DA:13,1
DA:14,1
DA:15,1
DA:16,1
DA:17,1
DA:18,1
DA:19,1
DA:20,1
DA:21,1
DA:22,1
DA:23,1
DA:24,1
DA:25,1
DA:26,1
DA:27,1
DA:28,1
DA:29,1
DA:30,1
DA:31,1
DA:32,1
DA:33,1
DA:34,1
DA:35,1
DA:36,1
DA:37,1
DA:38,1
DA:39,1
DA:40,1
DA:41,1
DA:42,1
DA:43,1
DA:44,1
DA:45,1
DA:46,1
DA:47,1
DA:48,1
DA:49,1
DA:50,1
DA:51,1
DA:52,1
DA:53,1
DA:54,1
DA:55,1
DA:56,1
DA:57,1
DA:58,1
DA:59,1
DA:60,1
DA:61,1
DA:62,1
DA:63,1
DA:64,1
DA:65,1
DA:66,1
DA:67,1
DA:68,1
DA:69,1
DA:70,1
DA:71,1
DA:72,1
DA:73,1
DA:74,1
DA:75,1
DA:76,1
DA:77,1
DA:78,1
DA:79,1
DA:80,1
DA:81,1
DA:82,1
DA:83,1
DA:84,1
DA:85,1
DA:86,1
DA:87,1
DA:88,1
DA:89,1
DA:90,1
DA:91,1
DA:92,1
DA:93,1
DA:94,1
DA:95,1
DA:96,1
DA:97,36
DA:98,36
DA:99,36
DA:100,36
DA:101,1
DA:102,1
DA:103,1
DA:104,1
DA:105,36
DA:106,35
DA:107,35
DA:108,36
DA:109,5
DA:110,5
DA:111,5
DA:112,1
DA:113,0
DA:114,0
DA:115,1
DA:116,1
DA:117,1
DA:118,5
DA:119,5
DA:120,36
DA:121,36
DA:122,36
DA:123,0
DA:124,1
DA:125,1
DA:126,1
DA:127,1
DA:128,1
DA:129,1
DA:130,1
DA:131,1
DA:132,1
DA:133,1
DA:134,1
DA:135,1
DA:136,1
DA:137,1
DA:138,1
DA:139,1
DA:140,1
DA:141,1
DA:142,1
DA:143,1
DA:144,1
DA:145,1
DA:146,1
DA:147,1
DA:148,1
DA:149,36
DA:150,36
DA:151,36
DA:152,36
DA:153,36
DA:154,36
DA:155,36
DA:156,36
DA:157,36
DA:158,36
DA:159,36
DA:160,36
DA:161,36
DA:162,36
DA:163,36
DA:164,6
DA:165,6
DA:166,0
DA:167,0
DA:168,6
DA:169,6
DA:170,6
DA:171,0
DA:172,6
DA:173,6
DA:174,6
DA:175,6
DA:176,6
DA:177,6
DA:178,36
DA:179,31
DA:180,31
DA:181,36
DA:182,36
DA:183,36
DA:184,0
DA:185,0
DA:186,0
DA:187,0
DA:188,0
DA:189,0
DA:190,0
DA:191,1
DA:192,1
DA:193,1
DA:194,1
DA:195,1
DA:196,1
DA:197,1
DA:198,1
DA:199,1
DA:200,13
DA:201,22
DA:202,4
DA:203,4
DA:204,22
DA:205,9
DA:206,0
DA:207,1
DA:208,1
DA:209,1
DA:210,1
DA:211,1
DA:212,1
DA:213,1
DA:214,1
DA:215,1
DA:216,20
DA:217,20
DA:218,20
DA:219,20
DA:220,19
DA:221,19
DA:222,1
DA:223,8
DA:224,20
DA:225,1
DA:226,1
DA:227,1
DA:228,1
DA:229,1
DA:230,1
DA:231,1
DA:232,1
DA:233,1
DA:234,30
DA:235,30
DA:236,30
DA:237,30
DA:238,25
DA:239,25
DA:240,5
DA:241,5
DA:242,5
DA:243,0
DA:244,1
DA:245,1
DA:246,1
DA:247,1
DA:248,1
DA:249,1
DA:250,1
DA:251,1
DA:252,0
DA:253,0
DA:254,0
DA:255,0
DA:256,0
DA:257,0
DA:258,0
DA:259,0
DA:260,0
DA:261,0
DA:262,0
DA:263,0
DA:264,0
DA:265,0
DA:266,0
DA:267,1
DA:268,1
DA:269,1
DA:270,1
DA:271,1
DA:272,1
DA:273,1
DA:274,1
DA:275,1
DA:276,1
DA:277,1
DA:278,1
DA:279,1
DA:280,1
DA:281,1
DA:282,1
DA:283,0
DA:284,0
DA:285,0
DA:286,1
DA:287,1
DA:288,1
DA:289,1
DA:290,1
DA:291,1
DA:292,0
DA:293,0
DA:294,0
DA:295,0
DA:296,0
DA:297,0
DA:298,0
DA:299,0
DA:300,0
DA:301,0
DA:302,0
DA:303,0
DA:304,0
DA:305,0
DA:306,0
DA:307,0
DA:308,0
DA:309,0
DA:310,0
DA:311,0
DA:312,0
DA:313,0
DA:314,0
DA:315,0
DA:316,0
DA:317,0
DA:318,0
DA:319,0
DA:320,0
DA:321,0
DA:322,0
DA:323,0
DA:324,0
DA:325,0
DA:326,0
DA:327,0
DA:328,0
DA:329,0
DA:330,0
DA:331,0
DA:332,1
DA:333,1
DA:334,1
DA:335,1
DA:336,0
DA:337,0
DA:338,0
DA:339,0
DA:340,0
DA:341,0
DA:342,1
DA:343,1
DA:344,0
DA:345,0
DA:346,0
DA:347,0
DA:348,0
DA:349,0
DA:350,0
DA:351,0
DA:352,0
DA:353,0
DA:354,0
DA:355,0
DA:356,0
DA:357,0
DA:358,0
DA:359,0
DA:360,0
DA:361,0
DA:362,0
DA:363,0
DA:364,0
DA:365,0
DA:366,0
DA:367,0
DA:368,0
DA:369,0
DA:370,0
DA:371,0
DA:372,0
DA:373,0
DA:374,0
DA:375,0
DA:376,0
DA:377,0
DA:378,0
DA:379,0
DA:380,0
DA:381,0
DA:382,0
DA:383,0
DA:384,0
DA:385,0
DA:386,0
DA:387,0
DA:388,0
DA:389,0
DA:390,1
DA:391,1
DA:392,1
DA:393,1
DA:394,1
DA:395,1
DA:396,1
DA:397,1
DA:398,1
DA:399,0
DA:400,0
DA:401,0
DA:402,0
DA:403,0
DA:404,0
DA:405,0
DA:406,0
DA:407,0
DA:408,0
DA:409,0
DA:410,0
DA:411,0
DA:412,0
DA:413,0
DA:414,0
DA:415,0
DA:416,0
DA:417,0
DA:418,0
DA:419,0
DA:420,0
DA:421,0
DA:422,0
DA:423,0
DA:424,0
DA:425,0
DA:426,0
DA:427,0
DA:428,0
DA:429,0
DA:430,0
DA:431,0
DA:432,0
DA:433,0
DA:434,0
DA:435,0
DA:436,0
DA:437,0
DA:438,0
DA:439,0
DA:440,0
DA:441,0
DA:442,0
DA:443,0
DA:444,0
DA:445,0
DA:446,0
DA:447,0
DA:448,0
DA:449,0
DA:450,0
DA:451,0
DA:452,0
DA:453,0
DA:454,0
DA:455,0
DA:456,0
DA:457,0
DA:458,0
DA:459,0
DA:460,0
DA:461,0
DA:462,0
DA:463,0
DA:464,0
DA:465,0
DA:466,0
DA:467,0
DA:468,0
DA:469,0
DA:470,0
DA:471,0
DA:472,1
DA:473,1
DA:474,1
DA:475,1
DA:476,1
DA:477,1
DA:478,1
DA:479,1
DA:480,38
DA:481,38
DA:482,38
DA:483,38
DA:484,34
DA:485,34
DA:486,34
DA:487,7
DA:488,34
DA:489,27
DA:490,27
DA:491,34
DA:492,34
DA:493,38
DA:494,38
DA:495,38
DA:496,1
DA:497,1
DA:498,1
DA:499,0
DA:500,0
DA:501,0
DA:502,1
DA:503,1
DA:504,1
DA:505,1
DA:506,1
DA:507,1
DA:508,1
DA:509,101
DA:510,101
DA:511,101
DA:512,101
DA:513,101
DA:514,863
DA:515,863
DA:516,101
DA:517,101
DA:518,1
DA:519,1
DA:520,101
DA:521,49
DA:522,1
DA:523,1
DA:524,0
DA:525,0
DA:526,0
DA:527,0
DA:528,0
DA:529,0
DA:530,0
DA:531,0
DA:532,0
DA:533,0
DA:534,0
DA:535,0
DA:536,0
DA:537,0
DA:538,1
DA:539,1
DA:540,1
DA:541,1
DA:542,1
DA:543,1
DA:544,1
DA:545,1
DA:546,1
DA:547,0
DA:548,0
DA:549,0
DA:550,0
DA:551,0
DA:552,0
DA:553,0
DA:554,0
DA:555,0
DA:556,0
DA:557,0
DA:558,0
DA:559,0
DA:560,0
DA:561,0
DA:562,0
DA:563,0
DA:564,0
DA:565,0
DA:566,0
DA:567,0
DA:568,0
DA:569,0
DA:570,0
DA:571,0
DA:572,0
DA:573,0
DA:574,0
DA:575,0
DA:576,0
DA:577,0
DA:578,0
DA:579,0
DA:580,0
DA:581,0
DA:582,0
DA:583,0
DA:584,0
DA:585,1
DA:586,1
DA:587,1
DA:588,1
DA:589,1
DA:590,1
DA:591,1
DA:592,1
DA:593,1
DA:594,1
DA:595,1
DA:596,21
DA:597,0
DA:598,0
DA:599,21
DA:600,21
DA:601,21
DA:602,21
DA:603,21
DA:604,0
DA:605,0
DA:606,21
DA:607,21
DA:608,21
DA:609,21
DA:610,110
DA:611,110
DA:612,110
DA:613,0
DA:614,0
DA:615,0
DA:616,110
DA:617,0
DA:618,0
DA:619,110
DA:620,110
DA:621,110
DA:622,110
DA:623,110
DA:624,110
DA:625,21
DA:626,21
DA:627,21
DA:628,21
DA:629,21
DA:630,1
DA:631,76
DA:632,1
DA:633,1
DA:634,1
DA:635,1
DA:636,1
DA:637,1
DA:638,1
DA:639,1
DA:640,1
DA:641,1
DA:642,1
DA:643,1
DA:644,1
DA:645,1
DA:646,0
DA:647,0
DA:648,0
DA:649,0
DA:650,0
DA:651,0
DA:652,0
DA:653,0
DA:654,0
DA:655,0
DA:656,0
DA:657,0
DA:658,0
DA:659,0
DA:660,0
DA:661,0
DA:662,0
DA:663,0
DA:664,0
DA:665,0
DA:666,0
DA:667,0
DA:668,0
DA:669,0
DA:670,0
DA:671,0
DA:672,0
DA:673,1
DA:674,0
DA:675,1
DA:676,1
DA:677,1
DA:678,1
DA:679,1
DA:680,1
DA:681,1
DA:682,1
DA:683,1
DA:684,1
DA:685,1
DA:686,1
DA:687,1
DA:688,1
DA:689,0
DA:690,0
DA:691,0
DA:692,0
DA:693,0
DA:694,0
DA:695,0
DA:696,0
DA:697,0
DA:698,1
DA:699,1
DA:700,1
DA:701,1
DA:702,1
DA:703,1
DA:704,1
DA:705,1
DA:706,1
DA:707,1
DA:708,220
DA:709,220
DA:710,220
DA:711,220
DA:712,220
DA:713,0
DA:714,1
DA:715,1
DA:716,1
DA:717,1
DA:718,1
DA:719,1
DA:720,1
DA:721,1
DA:722,1
DA:723,1
DA:724,1
DA:725,1
DA:726,1
DA:727,1
DA:728,1
DA:729,1
DA:730,1
DA:731,1
DA:732,1
DA:733,1
DA:734,1
DA:735,1
DA:736,1
DA:737,1
DA:738,1
DA:739,86
DA:740,86
DA:741,86
DA:742,1
DA:743,1
DA:744,85
DA:745,85
DA:746,85
DA:747,85
DA:748,85
DA:749,85
DA:750,85
DA:751,85
DA:752,85
DA:753,85
DA:754,85
DA:755,85
DA:756,85
DA:757,85
DA:758,85
DA:759,85
DA:760,0
DA:761,0
DA:762,0
DA:763,0
DA:764,0
DA:765,0
DA:766,0
DA:767,0
DA:768,0
DA:769,0
DA:770,0
DA:771,0
DA:772,0
DA:773,0
DA:774,0
DA:775,0
DA:776,0
DA:777,0
DA:778,0
DA:779,0
DA:780,0
DA:781,0
DA:782,0
DA:783,0
DA:784,0
DA:785,0
DA:786,0
DA:787,0
DA:788,0
DA:789,0
DA:790,0
DA:791,0
DA:792,0
DA:793,0
DA:794,0
DA:795,0
DA:796,0
DA:797,86
DA:798,86
DA:799,1
DA:800,0
DA:801,1
DA:802,1
DA:803,1
DA:804,8
DA:805,8
DA:806,8
DA:807,8
DA:808,8
DA:809,8
DA:810,1
DA:811,1
DA:812,11
DA:813,7
DA:814,7
DA:815,4
DA:816,4
DA:817,11
DA:818,0
DA:819,1
DA:820,1
DA:821,1
DA:822,1
DA:823,1
DA:824,1
DA:825,1
DA:826,1
DA:827,1
DA:828,1
DA:829,5
DA:830,5
DA:831,5
DA:832,5
DA:833,5
DA:834,5
DA:835,0
DA:836,1
DA:837,1
DA:838,1
DA:839,1
DA:840,1
DA:841,1
DA:842,1
DA:843,30
DA:844,30
DA:845,30
DA:846,30
DA:847,1
DA:848,30
DA:849,29
DA:850,29
DA:851,47
DA:852,47
DA:853,0
DA:854,0
DA:855,0
DA:856,47
DA:857,47
DA:858,0
DA:859,0
DA:860,0
DA:861,47
DA:862,47
DA:863,0
DA:864,0
DA:865,0
DA:866,47
DA:867,47
DA:868,0
DA:869,0
DA:870,0
DA:871,47
DA:872,3
DA:873,3
DA:874,3
DA:875,47
DA:876,0
DA:877,0
DA:878,0
DA:879,47
DA:880,0
DA:881,0
DA:882,47
DA:883,47
DA:884,3
DA:885,3
DA:886,3
DA:887,47
DA:888,29
DA:889,29
DA:890,30
DA:891,30
DA:892,0
DA:893,0
DA:894,0
DA:895,0
DA:896,0
DA:897,0
DA:898,0
DA:899,0
DA:900,30
DA:901,24
DA:902,1
DA:903,3
DA:904,3
DA:905,3
DA:906,3
DA:907,15
DA:908,0
DA:909,0
DA:910,15
DA:911,0
DA:912,15
DA:913,0
DA:914,0
DA:915,15
DA:916,3
DA:917,0
DA:918,0
DA:919,3
DA:920,3
DA:921,0
DA:922,1
DA:923,1
DA:924,1
DA:925,1
DA:926,1
DA:927,1
DA:928,1
DA:929,1
DA:930,1
DA:931,1
DA:932,0
DA:933,0
DA:934,1
DA:935,1
DA:936,1
DA:937,0
DA:938,0
DA:939,0
DA:940,0
DA:941,0
DA:942,1
DA:943,1
DA:944,1
DA:945,1
DA:946,1
DA:947,1
DA:948,1
DA:949,1
DA:950,1
DA:951,1
DA:952,5
DA:953,5
DA:954,5
DA:955,5
DA:956,5
DA:957,5
DA:958,1
DA:959,1
DA:960,4
DA:961,4
DA:962,4
DA:963,4
DA:964,4
DA:965,4
DA:966,4
DA:967,0
DA:968,1
DA:969,1
DA:970,1
DA:971,1
DA:972,1
DA:973,1
DA:974,1
DA:975,1
DA:976,1
DA:977,1
DA:978,204
DA:979,204
DA:980,197
DA:981,197
DA:982,7
DA:983,7
DA:984,7
DA:985,3
DA:986,3
DA:987,7
DA:988,1
DA:989,1
DA:990,4
DA:991,3
DA:992,3
DA:993,113
DA:994,1
DA:995,1
DA:996,1
DA:997,1
DA:998,1
DA:999,1
DA:1000,1
DA:1001,1
DA:1002,1
DA:1003,1
DA:1004,1
DA:1005,1
DA:1006,1
DA:1007,1
DA:1008,1
DA:1009,1
DA:1010,1
DA:1011,1
DA:1012,1
DA:1013,1
DA:1014,1
DA:1015,1
DA:1016,1
DA:1017,1
DA:1018,1
DA:1019,1
LF:1019
LH:638
BRDA:96,0,0,36
BRDA:100,1,0,1
BRDA:105,2,0,35
BRDA:108,3,0,5
BRDA:101,4,0,2
BRDA:110,5,0,5
BRDA:111,6,0,1
BRDA:112,7,0,0
BRDA:148,8,0,36
BRDA:159,9,0,0
BRDA:163,10,0,6
BRDA:165,11,0,0
BRDA:170,12,0,0
BRDA:173,13,0,0
BRDA:174,14,0,0
BRDA:174,15,0,0
BRDA:178,16,0,31
BRDA:182,17,0,35
BRDA:182,18,0,1
BRDA:183,19,0,0
BRDA:199,20,0,13
BRDA:200,21,0,22
BRDA:201,22,0,4
BRDA:204,23,0,9
BRDA:215,24,0,20
BRDA:219,25,0,19
BRDA:221,26,0,8
BRDA:221,27,0,1
BRDA:223,28,0,0
BRDA:224,29,0,20
BRDA:233,30,0,30
BRDA:237,31,0,25
BRDA:239,32,0,5
BRDA:479,33,0,38
BRDA:483,34,0,34
BRDA:486,35,0,28
BRDA:486,36,0,7
BRDA:488,37,0,27
BRDA:495,38,0,38
BRDA:509,39,0,101
BRDA:513,40,0,863
BRDA:519,41,0,101
BRDA:521,42,0,49
BRDA:595,43,0,21
BRDA:596,44,0,0
BRDA:603,45,0,0
BRDA:609,46,0,110
BRDA:612,47,0,0
BRDA:616,48,0,0
BRDA:624,49,0,21
BRDA:628,50,0,21
BRDA:630,51,0,76
BRDA:707,52,0,220
BRDA:738,53,0,86
BRDA:741,54,0,1
BRDA:743,55,0,85
BRDA:759,56,0,0
BRDA:790,57,0,0
BRDA:791,58,0,0
BRDA:794,59,0,0
BRDA:795,60,0,0
BRDA:799,61,0,421
BRDA:803,62,0,8
BRDA:808,63,0,1
BRDA:808,64,0,7
BRDA:811,65,0,11
BRDA:812,66,0,7
BRDA:814,67,0,4
BRDA:828,68,0,5
BRDA:829,69,0,1
BRDA:842,70,0,30
BRDA:846,71,0,1
BRDA:848,72,0,29
BRDA:891,73,0,0
BRDA:847,74,0,2
BRDA:850,75,0,47
BRDA:852,76,0,0
BRDA:857,77,0,0
BRDA:862,78,0,0
BRDA:867,79,0,0
BRDA:871,80,0,3
BRDA:875,81,0,0
BRDA:879,82,0,0
BRDA:883,83,0,3
BRDA:901,84,0,24
BRDA:902,85,0,3
BRDA:906,86,0,15
BRDA:907,87,0,0
BRDA:910,88,0,0
BRDA:912,89,0,0
BRDA:916,90,0,0
BRDA:951,91,0,5
BRDA:957,92,0,1
BRDA:959,93,0,4
BRDA:977,94,0,204
BRDA:979,95,0,197
BRDA:981,96,0,7
BRDA:984,97,0,3
BRDA:987,98,0,4
BRDA:987,99,0,1
BRDA:990,100,0,3
BRDA:993,101,0,113
BRF:102
BRH:73
end_of_record
TN:
SF:packages\mermaid\src\__mocks__\mermaidAPI.ts
FN:22,reset
FN:25,globalReset
FN:29,get
FNF:3
FNH:2
FNDA:2,reset
FNDA:0,globalReset
FNDA:29,get
DA:1,1
DA:2,1
DA:3,1
DA:4,1
DA:5,1
DA:6,1
DA:7,1
DA:8,1
DA:9,1
DA:10,1
DA:11,1
DA:12,1
DA:13,1
DA:14,1
DA:15,1
DA:16,1
DA:17,1
DA:18,1
DA:19,1
DA:20,1
DA:21,1
DA:22,1
DA:23,2
DA:24,2
DA:25,1
DA:26,0
DA:27,0
DA:28,1
DA:29,29
DA:30,1
DA:31,1
LF:31
LH:29
BRDA:22,0,0,2
BRDA:29,1,0,29
BRF:2
BRH:2
end_of_record
TN:
SF:packages\mermaid\src\dagre-wrapper\clusters.js
FN:8,rect
FN:85,noteGroup
FN:115,roundedWithTitle
FN:187,divider
FN:220,insertCluster
FN:225,getClusterTitleWidth
FN:233,clear
FN:237,positionCluster
FNF:8
FNH:0
FNDA:0,rect
FNDA:0,noteGroup
FNDA:0,roundedWithTitle
FNDA:0,divider
FNDA:0,insertCluster
FNDA:0,getClusterTitleWidth
FNDA:0,clear
FNDA:0,positionCluster
DA:1,1
DA:2,1
DA:3,1
DA:4,1
DA:5,1
DA:6,1
DA:7,1
DA:8,1
DA:9,0
DA:10,0
DA:11,0
DA:12,0
DA:13,0
DA:14,0
DA:15,0
DA:16,0
DA:17,0
DA:18,0
DA:19,0
DA:20,0
DA:21,0
DA:22,0
DA:23,0
DA:24,0
DA:25,0
DA:26,0
DA:27,0
DA:28,0
DA:29,0
DA:30,0
DA:31,0
DA:32,0
DA:33,0
DA:34,0
DA:35,0
DA:36,0
DA:37,0
DA:38,0
DA:39,0
DA:40,0
DA:41,0
DA:42,0
DA:43,0
DA:44,0
DA:45,0
DA:46,0
DA:47,0
DA:48,0
DA:49,0
DA:50,0
DA:51,0
DA:52,0
DA:53,0
DA:54,0
DA:55,0
DA:56,0
DA:57,0
DA:58,0
DA:59,0
DA:60,0
DA:61,0
DA:62,0
DA:63,0
DA:64,0
DA:65,0
DA:66,0
DA:67,0
DA:68,0
DA:69,0
DA:70,0
DA:71,0
DA:72,0
DA:73,0
DA:74,0
DA:75,0
DA:76,0
DA:77,1
DA:78,1
DA:79,1
DA:80,1
DA:81,1
DA:82,1
DA:83,1
DA:84,1
DA:85,1
DA:86,0
DA:87,0
DA:88,0
DA:89,0
DA:90,0
DA:91,0
DA:92,0
DA:93,0
DA:94,0
DA:95,0
DA:96,0
DA:97,0
DA:98,0
DA:99,0
DA:100,0
DA:101,0
DA:102,0
DA:103,0
DA:104,0
DA:105,0
DA:106,0
DA:107,0
DA:108,0
DA:109,0
DA:110,0
DA:111,0
DA:112,0
DA:113,0
DA:114,0
DA:115,1
DA:116,0
DA:117,0
DA:118,0
DA:119,0
DA:120,0
DA:121,0
DA:122,0
DA:123,0
DA:124,0
DA:125,0
DA:126,0
DA:127,0
DA:128,0
DA:129,0
DA:130,0
DA:131,0
DA:132,0
DA:133,0
DA:134,0
DA:135,0
DA:136,0
DA:137,0
DA:138,0
DA:139,0
DA:140,0
DA:141,0
DA:142,0
DA:143,0
DA:144,0
DA:145,0
DA:146,0
DA:147,0
DA:148,0
DA:149,0
DA:150,0
DA:151,0
DA:152,0
DA:153,0
DA:154,0
DA:155,0
DA:156,0
DA:157,0
DA:158,0
DA:159,0
DA:160,0
DA:161,0
DA:162,0
DA:163,0
DA:164,0
DA:165,0
DA:166,0
DA:167,0
DA:168,0
DA:169,0
DA:170,0
DA:171,0
DA:172,0
DA:173,0
DA:174,0
DA:175,0
DA:176,0
DA:177,0
DA:178,0
DA:179,0
DA:180,0
DA:181,0
DA:182,0
DA:183,0
DA:184,0
DA:185,0
DA:186,1
DA:187,1
DA:188,0
DA:189,0
DA:190,0
DA:191,0
DA:192,0
DA:193,0
DA:194,0
DA:195,0
DA:196,0
DA:197,0
DA:198,0
DA:199,0
DA:200,0
DA:201,0
DA:202,0
DA:203,0
DA:204,0
DA:205,0
DA:206,0
DA:207,0
DA:208,0
DA:209,0
DA:210,0
DA:211,0
DA:212,0
DA:213,0
DA:214,0
DA:215,1
DA:216,1
DA:217,1
DA:218,1
DA:219,1
DA:220,1
DA:221,0
DA:222,0
DA:223,0
DA:224,0
DA:225,1
DA:226,0
DA:227,0
DA:228,0
DA:229,0
DA:230,0
DA:231,0
DA:232,1
DA:233,1
DA:234,0
DA:235,0
DA:236,1
DA:237,1
DA:238,0
DA:239,0
DA:240,0
DA:241,0
DA:242,0
LF:242
LH:31
BRF:0
BRH:0
end_of_record
TN:
SF:packages\mermaid\src\dagre-wrapper\createLabel.js
FN:11,applyStyle
FN:21,addHtmlLabel
FN:45,createLabel
FNF:3
FNH:0
FNDA:0,applyStyle
FNDA:0,addHtmlLabel
FNDA:0,createLabel
DA:1,1
DA:2,1
DA:3,1
DA:4,1
DA:5,1
DA:6,1
DA:7,1
DA:8,1
DA:9,1
DA:10,1
DA:11,0
DA:12,0
DA:13,0
DA:14,0
DA:15,0
DA:16,1
DA:17,1
DA:18,1
DA:19,1
DA:20,1
DA:21,0
DA:22,0
DA:23,0
DA:24,0
DA:25,0
DA:26,0
DA:27,0
DA:28,0
DA:29,0
DA:30,0
DA:31,0
DA:32,0
DA:33,0
DA:34,0
DA:35,0
DA:36,0
DA:37,0
DA:38,0
DA:39,0
DA:40,0
DA:41,0
DA:42,0
DA:43,0
DA:44,1
DA:45,1
DA:46,0
DA:47,0
DA:48,0
DA:49,0
DA:50,0
DA:51,0
DA:52,0
DA:53,0
DA:54,0
DA:55,0
DA:56,0
DA:57,0
DA:58,0
DA:59,0
DA:60,0
DA:61,0
DA:62,0
DA:63,0
DA:64,0
DA:65,0
DA:66,0
DA:67,0
DA:68,0
DA:69,0
DA:70,0
DA:71,0
DA:72,0
DA:73,0
DA:74,0
DA:75,0
DA:76,0
DA:77,0
DA:78,0
DA:79,0
DA:80,0
DA:81,0
DA:82,0
DA:83,0
DA:84,0
DA:85,0
DA:86,0
DA:87,0
DA:88,0
DA:89,0
DA:90,0
DA:91,0
DA:92,0
DA:93,1
DA:94,1
LF:94
LH:19
BRF:0
BRH:0
end_of_record
TN:
SF:packages\mermaid\src\dagre-wrapper\edges.js
FN:11,clear
FN:16,insertEdgeLabel
FN:117,setTerminalWidth
FN:124,positionEdgeLabel
FN:208,outsideNode
FN:222,intersection
FN:317,cutPathAtIntersect
FN:362,insertEdge
FNF:8
FNH:1
FNDA:0,clear
FNDA:0,insertEdgeLabel
FNDA:0,setTerminalWidth
FNDA:0,positionEdgeLabel
FNDA:0,outsideNode
FNDA:4,intersection
FNDA:0,cutPathAtIntersect
FNDA:0,insertEdge
DA:1,1
DA:2,1
DA:3,1
DA:4,1
DA:5,1
DA:6,1
DA:7,1
DA:8,1
DA:9,1
DA:10,1
DA:11,1
DA:12,0
DA:13,0
DA:14,0
DA:15,1
DA:16,1
DA:17,0
DA:18,0
DA:19,0
DA:20,0
DA:21,0
DA:22,0
DA:23,0
DA:24,0
DA:25,0
DA:26,0
DA:27,0
DA:28,0
DA:29,0
DA:30,0
DA:31,0
DA:32,0
DA:33,0
DA:34,0
DA:35,0
DA:36,0
DA:37,0
DA:38,0
DA:39,0
DA:40,0
DA:41,0
DA:42,0
DA:43,0
DA:44,0
DA:45,0
DA:46,0
DA:47,0
DA:48,0
DA:49,0
DA:50,0
DA:51,0
DA:52,0
DA:53,0
DA:54,0
DA:55,0
DA:56,0
DA:57,0
DA:58,0
DA:59,0
DA:60,0
DA:61,0
DA:62,0
DA:63,0
DA:64,0
DA:65,0
DA:66,0
DA:67,0
DA:68,0
DA:69,0
DA:70,0
DA:71,0
DA:72,0
DA:73,0
DA:74,0
DA:75,0
DA:76,0
DA:77,0
DA:78,0
DA:79,0
DA:80,0
DA:81,0
DA:82,0
DA:83,0
DA:84,0
DA:85,0
DA:86,0
DA:87,0
DA:88,0
DA:89,0
DA:90,0
DA:91,0
DA:92,0
DA:93,0
DA:94,0
DA:95,0
DA:96,0
DA:97,0
DA:98,0
DA:99,0
DA:100,0
DA:101,0
DA:102,0
DA:103,0
DA:104,0
DA:105,0
DA:106,0
DA:107,0
DA:108,0
DA:109,0
DA:110,0
DA:111,0
DA:112,1
DA:113,1
DA:114,1
DA:115,1
DA:116,1
DA:117,0
DA:118,0
DA:119,0
DA:120,0
DA:121,0
DA:122,0
DA:123,1
DA:124,1
DA:125,0
DA:126,0
DA:127,0
DA:128,0
DA:129,0
DA:130,0
DA:131,0
DA:132,0
DA:133,0
DA:134,0
DA:135,0
DA:136,0
DA:137,0
DA:138,0
DA:139,0
DA:140,0
DA:141,0
DA:142,0
DA:143,0
DA:144,0
DA:145,0
DA:146,0
DA:147,0
DA:148,0
DA:149,0
DA:150,0
DA:151,0
DA:152,0
DA:153,0
DA:154,0
DA:155,0
DA:156,0
DA:157,0
DA:158,0
DA:159,0
DA:160,0
DA:161,0
DA:162,0
DA:163,0
DA:164,0
DA:165,0
DA:166,0
DA:167,0
DA:168,0
DA:169,0
DA:170,0
DA:171,0
DA:172,0
DA:173,0
DA:174,0
DA:175,0
DA:176,0
DA:177,0
DA:178,0
DA:179,0
DA:180,0
DA:181,0
DA:182,0
DA:183,0
DA:184,0
DA:185,0
DA:186,0
DA:187,0
DA:188,0
DA:189,0
DA:190,0
DA:191,0
DA:192,0
DA:193,0
DA:194,0
DA:195,0
DA:196,0
DA:197,0
DA:198,0
DA:199,0
DA:200,0
DA:201,0
DA:202,0
DA:203,0
DA:204,0
DA:205,0
DA:206,0
DA:207,1
DA:208,1
DA:209,0
DA:210,0
DA:211,0
DA:212,0
DA:213,0
DA:214,0
DA:215,0
DA:216,0
DA:217,0
DA:218,0
DA:219,0
DA:220,0
DA:221,1
DA:222,1
DA:223,4
DA:224,4
DA:225,4
DA:226,4
DA:227,4
DA:228,4
DA:229,4
DA:230,4
DA:231,4
DA:232,4
DA:233,4
DA:234,4
DA:235,4
DA:236,4
DA:237,4
DA:238,4
DA:239,4
DA:240,4
DA:241,4
DA:242,4
DA:243,4
DA:244,4
DA:245,4
DA:246,4
DA:247,4
DA:248,4
DA:249,4
DA:250,4
DA:251,4
DA:252,4
DA:253,4
DA:254,4
DA:255,4
DA:256,4
DA:257,2
DA:258,2
DA:259,2
DA:260,2
DA:261,2
DA:262,2
DA:263,2
DA:264,2
DA:265,2
DA:266,2
DA:267,0
DA:268,0
DA:269,0
DA:270,2
DA:271,0
DA:272,0
DA:273,2
DA:274,0
DA:275,0
DA:276,2
DA:277,2
DA:278,2
DA:279,2
DA:280,2
DA:281,2
DA:282,2
DA:283,1
DA:284,1
DA:285,1
DA:286,1
DA:287,1
DA:288,2
DA:289,2
DA:290,2
DA:291,2
DA:292,2
DA:293,2
DA:294,2
DA:295,2
DA:296,0
DA:297,0
DA:298,0
DA:299,2
DA:300,0
DA:301,0
DA:302,2
DA:303,0
DA:304,0
DA:305,2
DA:306,2
DA:307,2
DA:308,4
DA:309,1
DA:310,1
DA:311,1
DA:312,1
DA:313,1
DA:314,1
DA:315,1
DA:316,1
DA:317,1
DA:318,0
DA:319,0
DA:320,0
DA:321,0
DA:322,0
DA:323,0
DA:324,0
DA:325,0
DA:326,0
DA:327,0
DA:328,0
DA:329,0
DA:330,0
DA:331,0
DA:332,0
DA:333,0
DA:334,0
DA:335,0
DA:336,0
DA:337,0
DA:338,0
DA:339,0
DA:340,0
DA:341,0
DA:342,0
DA:343,0
DA:344,0
DA:345,0
DA:346,0
DA:347,0
DA:348,0
DA:349,0
DA:350,0
DA:351,0
DA:352,0
DA:353,0
DA:354,0
DA:355,0
DA:356,0
DA:357,0
DA:358,0
DA:359,0
DA:360,1
DA:361,1
DA:362,1
DA:363,0
DA:364,0
DA:365,0
DA:366,0
DA:367,0
DA:368,0
DA:369,0
DA:370,0
DA:371,0
DA:372,0
DA:373,0
DA:374,0
DA:375,0
DA:376,0
DA:377,0
DA:378,0
DA:379,0
DA:380,0
DA:381,0
DA:382,0
DA:383,0
DA:384,0
DA:385,0
DA:386,0
DA:387,0
DA:388,0
DA:389,0
DA:390,0
DA:391,0
DA:392,0
DA:393,0
DA:394,0
DA:395,0
DA:396,0
DA:397,0
DA:398,0
DA:399,0
DA:400,0
DA:401,0
DA:402,0
DA:403,0
DA:404,0
DA:405,0
DA:406,0
DA:407,0
DA:408,0
DA:409,0
DA:410,0
DA:411,0
DA:412,0
DA:413,0
DA:414,0
DA:415,0
DA:416,0
DA:417,0
DA:418,0
DA:419,0
DA:420,0
DA:421,0
DA:422,0
DA:423,0
DA:424,0
DA:425,0
DA:426,0
DA:427,0
DA:428,0
DA:429,0
DA:430,0
DA:431,0
DA:432,0
DA:433,0
DA:434,0
DA:435,0
DA:436,0
DA:437,0
DA:438,0
DA:439,0
DA:440,0
DA:441,0
DA:442,0
DA:443,0
DA:444,0
DA:445,0
DA:446,0
DA:447,0
DA:448,0
DA:449,0
DA:450,0
DA:451,0
DA:452,0
DA:453,0
DA:454,0
DA:455,0
DA:456,0
DA:457,0
DA:458,0
DA:459,0
DA:460,0
DA:461,0
DA:462,0
DA:463,0
DA:464,0
DA:465,0
DA:466,0
DA:467,0
DA:468,0
DA:469,0
DA:470,0
DA:471,0
DA:472,0
DA:473,0
DA:474,0
DA:475,0
DA:476,0
DA:477,0
DA:478,0
DA:479,0
DA:480,0
DA:481,0
DA:482,0
DA:483,0
DA:484,0
DA:485,0
DA:486,0
DA:487,0
DA:488,0
DA:489,0
DA:490,0
DA:491,0
DA:492,0
DA:493,0
DA:494,0
DA:495,0
DA:496,0
DA:497,0
DA:498,0
DA:499,0
DA:500,0
DA:501,0
DA:502,0
DA:503,0
DA:504,0
DA:505,0
DA:506,0
DA:507,0
DA:508,0
DA:509,0
DA:510,0
DA:511,0
DA:512,0
DA:513,0
DA:514,0
DA:515,0
DA:516,0
DA:517,0
DA:518,0
DA:519,0
DA:520,0
DA:521,0
DA:522,0
DA:523,0
DA:524,0
DA:525,0
DA:526,0
DA:527,0
DA:528,0
DA:529,0
DA:530,0
DA:531,0
DA:532,0
DA:533,0
DA:534,0
DA:535,0
DA:536,0
DA:537,0
DA:538,0
DA:539,0
DA:540,0
DA:541,0
DA:542,0
DA:543,0
DA:544,0
DA:545,0
DA:546,0
DA:547,0
DA:548,0
DA:549,0
DA:550,0
DA:551,0
DA:552,0
DA:553,0
DA:554,0
DA:555,0
DA:556,0
DA:557,0
DA:558,0
DA:559,0
DA:560,0
DA:561,0
DA:562,0
DA:563,0
DA:564,0
DA:565,0
DA:566,0
DA:567,0
DA:568,0
DA:569,0
DA:570,0
DA:571,0
DA:572,0
DA:573,0
LF:573
LH:108
BRDA:222,0,0,4
BRDA:233,1,0,2
BRDA:233,2,0,2
BRDA:256,3,0,2
BRDA:259,4,0,0
BRDA:262,5,0,1
BRDA:262,6,0,1
BRDA:263,7,0,0
BRDA:266,8,0,0
BRDA:270,9,0,0
BRDA:273,10,0,0
BRDA:282,11,0,1
BRDA:291,12,0,1
BRDA:291,13,0,1
BRDA:293,14,0,0
BRDA:295,15,0,0
BRDA:299,16,0,0
BRDA:302,17,0,0
BRF:18
BRH:9
end_of_record
TN:
SF:packages\mermaid\src\dagre-wrapper\index.js
FN:17,recursiveRender
FN:149,render
FNF:2
FNH:0
FNDA:0,recursiveRender
FNDA:0,render
DA:1,1
DA:2,1
DA:3,1
DA:4,1
DA:5,1
DA:6,1
DA:7,1
DA:8,1
DA:9,1
DA:10,1
DA:11,1
DA:12,1
DA:13,1
DA:14,1
DA:15,1
DA:16,1
DA:17,1
DA:18,0
DA:19,0
DA:20,0
DA:21,0
DA:22,0
DA:23,0
DA:24,0
DA:25,0
DA:26,0
DA:27,0
DA:28,0
DA:29,0
DA:30,0
DA:31,0
DA:32,0
DA:33,0
DA:34,0
DA:35,0
DA:36,0
DA:37,0
DA:38,0
DA:39,0
DA:40,0
DA:41,0
DA:42,0
DA:43,0
DA:44,0
DA:45,0
DA:46,0
DA:47,0
DA:48,0
DA:49,0
DA:50,0
DA:51,0
DA:52,0
DA:53,0
DA:54,0
DA:55,0
DA:56,0
DA:57,0
DA:58,0
DA:59,0
DA:60,0
DA:61,0
DA:62,0
DA:63,0
DA:64,0
DA:65,0
DA:66,0
DA:67,0
DA:68,0
DA:69,0
DA:70,0
DA:71,0
DA:72,0
DA:73,0
DA:74,0
DA:75,0
DA:76,0
DA:77,0
DA:78,0
DA:79,0
DA:80,0
DA:81,0
DA:82,0
DA:83,0
DA:84,0
DA:85,0
DA:86,0
DA:87,0
DA:88,0
DA:89,0
DA:90,0
DA:91,0
DA:92,0
DA:93,0
DA:94,0
DA:95,0
DA:96,0
DA:97,0
DA:98,0
DA:99,0
DA:100,0
DA:101,0
DA:102,0
DA:103,0
DA:104,0
DA:105,0
DA:106,0
DA:107,0
DA:108,0
DA:109,0
DA:110,0
DA:111,0
DA:112,0
DA:113,0
DA:114,0
DA:115,0
DA:116,0
DA:117,0
DA:118,0
DA:119,0
DA:120,0
DA:121,0
DA:122,0
DA:123,0
DA:124,0
DA:125,0
DA:126,0
[...]
BRDA:31,1,0,130
BRDA:36,2,0,0
BRDA:41,3,0,26
BRDA:47,4,0,78
BRDA:58,5,0,4
BRDA:61,6,0,0
BRDA:64,7,0,0
BRDA:68,8,0,0
BRDA:65,9,0,6
BRDA:107,10,0,78
BRDA:77,11,0,176
BRDA:78,12,0,26
BRDA:80,13,0,150
BRDA:81,14,0,60
BRDA:99,15,0,20
BRDA:148,16,0,118
BRF:17
BRH:13
end_of_record
TN:
SF:packages\mermaid\src\tests\util.ts
FN:29,convert
FN:44,get
FNF:2
FNH:2
FNDA:8,convert
FNDA:8,get
DA:1,1
DA:2,1
DA:3,1
DA:4,1
DA:5,1
DA:6,1
DA:7,1
DA:8,1
DA:9,1
DA:10,1
DA:11,1
DA:12,1
DA:13,1
DA:14,1
DA:15,1
DA:16,1
DA:17,1
DA:18,1
DA:19,1
DA:20,1
DA:21,1
DA:22,1
DA:23,1
DA:24,1
DA:25,1
DA:26,1
DA:27,1
DA:28,1
DA:29,1
DA:30,8
DA:31,8
DA:32,8
DA:33,8
DA:34,8
DA:35,0
DA:36,0
DA:37,8
DA:38,8
DA:39,8
DA:40,42
DA:41,42
DA:42,42
DA:43,42
DA:44,8
LF:44
LH:42
BRDA:29,0,0,8
BRDA:34,1,0,0
BRDA:39,2,0,42
BRDA:33,3,0,32
BRDA:41,4,0,182
BRDA:44,5,0,8
BRF:6
BRH:5
end_of_record
TN:
SF:packages\mermaid\src\themes\erDiagram-oldHardcodedValues.ts
FN:6,get
FN:7,get
FNF:2
FNH:2
FNDA:66,get
FNDA:66,get
DA:1,1
DA:2,1
DA:3,1
DA:4,1
DA:5,1
DA:6,1
DA:7,1
LF:7
LH:7
BRDA:6,0,0,66
BRDA:7,1,0,66
BRF:2
BRH:2
end_of_record
TN:
SF:packages\mermaid\src\themes\index.js
FNF:0
FNH:0
DA:1,1
DA:2,1
DA:3,1
DA:4,1
DA:5,1
DA:6,1
DA:7,1
DA:8,1
DA:9,1
DA:10,1
DA:11,1
DA:12,1
DA:13,1
DA:14,1
DA:15,1
DA:16,1
DA:17,1
DA:18,1
DA:19,1
DA:20,1
DA:21,1
DA:22,1
DA:23,1
LF:23
LH:23
BRF:0
BRH:0
end_of_record
TN:
SF:packages\mermaid\src\themes\theme-base.js
FN:9,Theme
FN:29,updateColors
FN:294,calculate
FN:317,getThemeVariables
FNF:4
FNH:0
FNDA:0,Theme
FNDA:0,updateColors
FNDA:0,calculate
FNDA:0,getThemeVariables
DA:1,1
DA:2,1
DA:3,1
DA:4,1
DA:5,1
DA:6,1
DA:7,1
DA:8,1
DA:9,1
DA:10,0
DA:11,0
DA:12,0
DA:13,0
DA:14,0
DA:15,0
DA:16,0
DA:17,0
DA:18,0
DA:19,0
DA:20,0
DA:21,0
DA:22,0
DA:23,0
DA:24,0
DA:25,0
DA:26,0
DA:27,0
DA:28,0
DA:29,1
DA:30,0
DA:31,0
DA:32,0
DA:33,0
DA:34,0
DA:35,0
DA:36,0
DA:37,0
DA:38,0
DA:39,0
DA:40,0
DA:41,0
DA:42,0
DA:43,0
DA:44,0
DA:45,0
DA:46,0
DA:47,0
DA:48,0
DA:49,0
DA:50,0
DA:51,0
DA:52,0
DA:53,0
DA:54,0
DA:55,0
DA:56,0
DA:57,0
DA:58,0
DA:59,0
DA:60,0
DA:61,0
DA:62,0
DA:63,0
DA:64,0
DA:65,0
DA:66,0
DA:67,0
DA:68,0
DA:69,0
DA:70,0
DA:71,0
DA:72,0
DA:73,0
DA:74,0
DA:75,0
DA:76,0
DA:77,0
DA:78,0
DA:79,0
DA:80,0
DA:81,0
DA:82,0
DA:83,0
DA:84,0
DA:85,0
DA:86,0
DA:87,0
DA:88,0
DA:89,0
DA:90,0
DA:91,0
DA:92,0
DA:93,0
DA:94,0
DA:95,0
DA:96,0
DA:97,0
DA:98,0
DA:99,0
DA:100,0
DA:101,0
DA:102,0
DA:103,0
DA:104,0
DA:105,0
DA:106,0
DA:107,0
DA:108,0
DA:109,0
DA:110,0
DA:111,0
DA:112,0
DA:113,0
DA:114,0
DA:115,0
DA:116,0
DA:117,0
DA:118,0
DA:119,0
DA:120,0
DA:121,0
DA:122,0
DA:123,0
DA:124,0
DA:125,0
DA:126,0
DA:127,0
DA:128,0
DA:129,0
DA:130,0
DA:131,0
DA:132,0
DA:133,0
DA:134,0
DA:135,0
DA:136,0
DA:137,0
DA:138,0
DA:139,0
DA:140,0
DA:141,0
DA:142,0
DA:143,0
DA:144,0
DA:145,0
DA:146,0
DA:147,0
DA:148,0
DA:149,0
DA:150,0
DA:151,0
DA:152,0
DA:153,0
DA:154,0
DA:155,0
DA:156,0
DA:157,0
DA:158,0
DA:159,0
DA:160,0
DA:161,0
DA:162,0
DA:163,0
DA:164,0
DA:165,0
DA:166,0
DA:167,0
DA:168,0
DA:169,0
DA:170,0
DA:171,0
DA:172,0
DA:173,0
DA:174,0
DA:175,0
DA:176,0
DA:177,0
DA:178,0
DA:179,0
DA:180,0
DA:181,0
DA:182,0
DA:183,0
DA:184,0
DA:185,0
DA:186,0
DA:187,0
DA:188,0
DA:189,0
DA:190,0
DA:191,0
DA:192,0
DA:193,0
DA:194,0
DA:195,0
DA:196,0
DA:197,0
DA:198,0
DA:199,0
DA:200,0
DA:201,0
DA:202,0
DA:203,0
DA:204,0
DA:205,0
DA:206,0
DA:207,0
DA:208,0
DA:209,0
DA:210,0
DA:211,0
DA:212,0
DA:213,0
DA:214,0
DA:215,0
DA:216,0
DA:217,0
DA:218,0
DA:219,0
DA:220,0
DA:221,0
DA:222,0
DA:223,0
DA:224,0
DA:225,0
DA:226,0
DA:227,0
DA:228,0
DA:229,0
DA:230,0
DA:231,0
DA:232,0
DA:233,0
DA:234,0
DA:235,0
DA:236,0
DA:237,0
DA:238,0
DA:239,0
DA:240,0
DA:241,0
DA:242,0
DA:243,0
DA:244,0
DA:245,0
DA:246,0
DA:247,0
DA:248,0
DA:249,0
DA:250,0
DA:251,0
DA:252,0
DA:253,0
DA:254,0
DA:255,0
DA:256,0
DA:257,0
DA:258,0
DA:259,0
DA:260,0
DA:261,0
DA:262,0
DA:263,0
DA:264,0
DA:265,0
DA:266,0
DA:267,0
DA:268,0
DA:269,0
DA:270,0
DA:271,0
DA:272,0
DA:273,0
DA:274,0
DA:275,0
DA:276,0
DA:277,0
DA:278,0
DA:279,0
DA:280,0
DA:281,0
DA:282,0
DA:283,0
DA:284,0
DA:285,0
DA:286,0
DA:287,0
DA:288,0
DA:289,0
DA:290,0
DA:291,0
DA:292,0
DA:293,0
DA:294,1
DA:295,0
DA:296,0
DA:297,0
DA:298,0
DA:299,0
DA:300,0
DA:301,0
DA:302,0
DA:303,0
DA:304,0
DA:305,0
DA:306,0
DA:307,0
DA:308,0
DA:309,0
DA:310,0
DA:311,0
DA:312,0
DA:313,0
DA:314,0
DA:315,1
DA:316,1
DA:317,1
DA:318,0
DA:319,0
DA:320,0
DA:321,0
LF:321
LH:14
BRF:0
BRH:0
end_of_record
TN:
SF:packages\mermaid\src\themes\theme-dark.js
FN:5,Theme
FN:94,updateColors
FN:278,calculate
FN:301,getThemeVariables
FNF:4
FNH:4
FNDA:15,Theme
FNDA:15,updateColors
FNDA:15,calculate
FNDA:15,getThemeVariables
DA:1,1
DA:2,1
DA:3,1
DA:4,1
DA:5,1
DA:6,15
DA:7,15
DA:8,15
DA:9,15
DA:10,15
DA:11,15
DA:12,15
DA:13,15
DA:14,15
DA:15,15
DA:16,15
DA:17,15
DA:18,15
DA:19,15
DA:20,15
DA:21,15
DA:22,15
DA:23,15
DA:24,15
DA:25,15
DA:26,15
DA:27,15
DA:28,15
DA:29,15
DA:30,15
DA:31,15
DA:32,15
DA:33,15
DA:34,15
DA:35,15
DA:36,15
DA:37,15
DA:38,15
DA:39,15
DA:40,15
DA:41,15
DA:42,15
DA:43,15
DA:44,15
DA:45,15
DA:46,15
DA:47,15
DA:48,15
DA:49,15
DA:50,15
DA:51,15
DA:52,15
DA:53,15
DA:54,15
DA:55,15
DA:56,15
DA:57,15
DA:58,15
DA:59,15
DA:60,15
DA:61,15
DA:62,15
DA:63,15
DA:64,15
DA:65,15
DA:66,15
DA:67,15
DA:68,15
DA:69,15
DA:70,15
DA:71,15
DA:72,15
DA:73,15
DA:74,15
DA:75,15
DA:76,15
DA:77,15
DA:78,15
DA:79,15
DA:80,15
DA:81,15
DA:82,15
DA:83,15
DA:84,15
DA:85,15
DA:86,15
DA:87,15
DA:88,15
DA:89,15
DA:90,15
DA:91,15
DA:92,15
DA:93,15
DA:94,1
DA:95,15
DA:96,15
DA:97,15
DA:98,15
DA:99,15
DA:100,15
DA:101,15
DA:102,15
DA:103,15
DA:104,15
DA:105,15
DA:106,15
DA:107,15
DA:108,15
DA:109,15
DA:110,15
DA:111,15
DA:112,15
DA:113,15
DA:114,15
DA:115,15
DA:116,15
DA:117,15
DA:118,15
DA:119,15
DA:120,15
DA:121,15
DA:122,15
DA:123,15
DA:124,15
DA:125,15
DA:126,15
DA:127,15
DA:128,15
DA:129,15
DA:130,15
DA:131,15
DA:132,15
DA:133,15
DA:134,15
DA:135,15
DA:136,15
DA:137,15
DA:138,15
DA:139,15
DA:140,15
DA:141,15
DA:142,15
DA:143,15
DA:144,15
DA:145,15
DA:146,15
DA:147,15
DA:148,15
DA:149,15
DA:150,15
DA:151,15
DA:152,15
DA:153,15
DA:154,15
DA:155,15
DA:156,15
DA:157,15
DA:158,15
DA:159,15
DA:160,15
DA:161,15
DA:162,15
DA:163,15
DA:164,15
DA:165,15
DA:166,15
DA:167,15
DA:168,15
DA:169,15
DA:170,15
DA:171,15
DA:172,15
DA:173,15
DA:174,15
DA:175,15
DA:176,15
DA:177,15
DA:178,15
DA:179,15
DA:180,15
DA:181,15
DA:182,15
DA:183,15
DA:184,15
DA:185,15
DA:186,15
DA:187,15
DA:188,15
DA:189,15
DA:190,15
DA:191,15
DA:192,180
DA:193,180
DA:194,15
DA:195,15
DA:196,180
DA:197,180
DA:198,15
DA:199,15
DA:200,75
DA:201,75
DA:202,75
DA:203,75
DA:204,75
DA:205,15
DA:206,15
DA:207,15
DA:208,15
DA:209,15
DA:210,180
DA:211,180
DA:212,15
DA:213,15
DA:214,15
DA:215,180
DA:216,180
DA:217,15
DA:218,15
DA:219,15
DA:220,15
DA:221,15
DA:222,15
DA:223,15
DA:224,15
DA:225,15
DA:226,15
DA:227,15
DA:228,15
DA:229,15
DA:230,15
DA:231,15
DA:232,15
DA:233,15
DA:234,15
DA:235,15
DA:236,15
DA:237,15
DA:238,15
DA:239,15
DA:240,15
DA:241,15
DA:242,15
DA:243,15
DA:244,15
DA:245,15
DA:246,15
DA:247,15
DA:248,15
DA:249,15
DA:250,15
DA:251,15
DA:252,15
DA:253,15
DA:254,15
DA:255,15
DA:256,15
DA:257,15
DA:258,15
DA:259,15
DA:260,15
DA:261,15
DA:262,15
DA:263,15
DA:264,15
DA:265,15
DA:266,15
DA:267,15
DA:268,15
DA:269,15
DA:270,15
DA:271,15
DA:272,15
DA:273,15
DA:274,15
DA:275,15
DA:276,15
DA:277,15
DA:278,1
DA:279,15
DA:280,0
DA:281,0
DA:282,0
DA:283,0
DA:284,15
DA:285,15
DA:286,15
DA:287,15
DA:288,15
DA:289,0
DA:290,15
DA:291,15
DA:292,15
DA:293,15
DA:294,15
DA:295,15
DA:296,0
DA:297,15
DA:298,15
DA:299,1
DA:300,1
DA:301,1
DA:302,15
DA:303,15
DA:304,15
DA:305,15
LF:305
LH:299
BRDA:5,0,0,15
BRDA:94,1,0,15
BRDA:142,2,0,0
BRDA:149,3,0,0
BRDA:150,4,0,0
BRDA:178,5,0,0
BRDA:179,6,0,0
BRDA:180,7,0,0
BRDA:181,8,0,0
BRDA:182,9,0,0
BRDA:183,10,0,0
BRDA:184,11,0,0
BRDA:185,12,0,0
BRDA:186,13,0,0
BRDA:187,14,0,0
BRDA:188,15,0,0
BRDA:191,16,0,180
BRDA:195,17,0,180
BRDA:199,18,0,75
BRDA:207,19,0,0
BRDA:209,20,0,180
BRDA:214,21,0,180
BRDA:240,22,0,0
BRDA:245,23,0,0
BRDA:246,24,0,0
BRDA:247,25,0,0
BRDA:248,26,0,0
BRDA:249,27,0,0
BRDA:250,28,0,0
BRDA:251,29,0,0
BRDA:278,30,0,15
BRDA:279,31,0,0
BRDA:301,32,0,15
BRF:33
BRH:9
end_of_record
TN:
SF:packages\mermaid\src\themes\theme-default.js
FN:9,Theme
FN:122,updateColors
FN:322,calculate
FN:345,getThemeVariables
FNF:4
FNH:4
FNDA:66,Theme
FNDA:132,updateColors
FNDA:66,calculate
FNDA:66,getThemeVariables
DA:1,1
DA:2,1
DA:3,1
DA:4,1
DA:5,1
DA:6,1
DA:7,1
DA:8,1
DA:9,1
DA:10,66
DA:11,66
DA:12,66
DA:13,66
DA:14,66
DA:15,66
DA:16,66
DA:17,66
DA:18,66
DA:19,66
DA:20,66
DA:21,66
DA:22,66
DA:23,66
DA:24,66
DA:25,66
DA:26,66
DA:27,66
DA:28,66
DA:29,66
DA:30,66
DA:31,66
DA:32,66
DA:33,66
DA:34,66
DA:35,66
DA:36,66
DA:37,66
DA:38,66
DA:39,66
DA:40,66
DA:41,66
DA:42,66
DA:43,66
DA:44,66
DA:45,66
DA:46,66
DA:47,66
DA:48,66
DA:49,66
DA:50,66
DA:51,66
DA:52,66
DA:53,66
DA:54,66
DA:55,66
DA:56,66
DA:57,66
DA:58,66
DA:59,66
DA:60,66
DA:61,66
DA:62,66
DA:63,66
DA:64,66
DA:65,66
DA:66,66
DA:67,66
DA:68,66
DA:69,66
DA:70,66
DA:71,66
DA:72,66
DA:73,66
DA:74,66
DA:75,66
DA:76,66
DA:77,66
DA:78,66
DA:79,66
DA:80,66
DA:81,66
DA:82,66
DA:83,66
DA:84,66
DA:85,66
DA:86,66
DA:87,66
DA:88,66
DA:89,66
DA:90,66
DA:91,66
DA:92,66
DA:93,66
DA:94,66
DA:95,66
DA:96,66
DA:97,66
DA:98,66
DA:99,66
DA:100,66
DA:101,66
DA:102,66
DA:103,66
DA:104,66
DA:105,66
DA:106,66
DA:107,66
DA:108,66
DA:109,66
DA:110,66
DA:111,66
DA:112,66
DA:113,66
DA:114,66
DA:115,66
DA:116,66
DA:117,66
DA:118,66
DA:119,66
DA:120,66
DA:121,66
DA:122,1
DA:123,132
DA:124,132
DA:125,132
DA:126,132
DA:127,132
DA:128,132
DA:129,132
DA:130,132
DA:131,132
DA:132,132
DA:133,132
DA:134,132
DA:135,132
DA:136,132
DA:137,132
DA:138,132
DA:139,132
DA:140,132
DA:141,1584
DA:142,1584
DA:143,1584
DA:144,1584
DA:145,132
DA:146,132
DA:147,1584
DA:148,1584
DA:149,132
DA:150,132
DA:151,660
DA:152,660
DA:153,660
DA:154,660
DA:155,132
DA:156,132
DA:157,132
DA:158,132
DA:159,132
DA:160,132
DA:161,132
DA:162,66
DA:163,66
DA:164,66
DA:165,792
DA:166,792
DA:167,66
DA:168,132
DA:169,132
DA:170,132
DA:171,132
DA:172,132
DA:173,132
DA:174,132
DA:175,132
DA:176,132
DA:177,132
DA:178,132
DA:179,132
DA:180,132
DA:181,132
DA:182,132
DA:183,132
DA:184,132
DA:185,132
DA:186,132
DA:187,132
DA:188,132
DA:189,132
DA:190,132
DA:191,132
DA:192,132
DA:193,132
DA:194,132
DA:195,132
DA:196,132
DA:197,132
DA:198,132
DA:199,132
DA:200,132
DA:201,132
DA:202,132
DA:203,132
DA:204,132
DA:205,132
DA:206,132
DA:207,132
DA:208,132
DA:209,132
DA:210,132
DA:211,132
DA:212,132
DA:213,132
DA:214,132
DA:215,132
DA:216,132
DA:217,132
DA:218,132
DA:219,132
DA:220,132
DA:221,132
DA:222,132
DA:223,132
DA:224,132
DA:225,132
DA:226,132
DA:227,132
DA:228,132
DA:229,132
DA:230,132
DA:231,132
DA:232,132
DA:233,132
DA:234,132
DA:235,132
DA:236,132
DA:237,132
DA:238,132
DA:239,132
DA:240,132
DA:241,132
DA:242,132
DA:243,132
DA:244,132
DA:245,132
DA:246,132
DA:247,132
DA:248,132
DA:249,132
DA:250,132
DA:251,132
DA:252,132
DA:253,132
DA:254,132
DA:255,132
DA:256,132
DA:257,132
DA:258,132
DA:259,132
DA:260,132
DA:261,132
DA:262,132
DA:263,132
DA:264,132
DA:265,132
DA:266,132
DA:267,132
DA:268,132
DA:269,132
DA:270,0
DA:271,0
DA:272,0
DA:273,0
DA:274,0
DA:275,0
DA:276,0
DA:277,0
DA:278,132
DA:279,132
DA:280,132
DA:281,132
DA:282,132
DA:283,132
DA:284,132
DA:285,132
DA:286,132
DA:287,132
DA:288,132
DA:289,132
DA:290,132
DA:291,132
DA:292,132
DA:293,132
DA:294,132
DA:295,132
DA:296,132
DA:297,132
DA:298,132
DA:299,132
DA:300,132
DA:301,132
DA:302,132
DA:303,132
DA:304,132
DA:305,132
DA:306,132
DA:307,132
DA:308,132
DA:309,132
DA:310,132
DA:311,132
DA:312,132
DA:313,132
DA:314,132
DA:315,132
DA:316,132
DA:317,132
DA:318,132
DA:319,132
DA:320,132
DA:321,132
DA:322,1
DA:323,66
DA:324,66
DA:325,66
DA:326,66
DA:327,66
DA:328,0
DA:329,0
DA:330,0
DA:331,0
DA:332,0
DA:333,0
DA:334,0
DA:335,0
DA:336,0
DA:337,0
DA:338,0
DA:339,0
DA:340,0
DA:341,0
DA:342,66
DA:343,1
DA:344,1
DA:345,1
DA:346,66
DA:347,66
DA:348,66
DA:349,66
LF:349
LH:327
BRDA:9,0,0,66
BRDA:122,1,0,132
BRDA:126,2,0,66
BRDA:127,3,0,66
BRDA:128,4,0,66
BRDA:129,5,0,66
BRDA:130,6,0,66
BRDA:131,7,0,66
BRDA:132,8,0,66
BRDA:133,9,0,66
BRDA:134,10,0,66
BRDA:135,11,0,66
BRDA:136,12,0,66
BRDA:137,13,0,66
BRDA:138,14,0,66
BRDA:139,15,0,66
BRDA:140,16,0,1584
BRDA:143,17,0,660
BRDA:146,18,0,1584
BRDA:147,19,0,792
BRDA:150,20,0,660
BRDA:151,21,0,330
BRDA:153,22,0,330
BRDA:157,23,0,66
BRDA:158,24,0,0
BRDA:161,25,0,66
BRDA:164,26,0,792
BRDA:165,27,0,660
BRDA:198,28,0,66
BRDA:199,29,0,66
BRDA:200,30,0,66
BRDA:200,31,0,66
BRDA:202,32,0,66
BRDA:203,33,0,66
BRDA:204,34,0,66
BRDA:204,35,0,0
BRDA:205,36,0,66
BRDA:206,37,0,66
BRDA:207,38,0,66
BRDA:211,39,0,0
BRDA:212,40,0,0
BRDA:213,41,0,0
BRDA:227,42,0,66
BRDA:228,43,0,66
BRDA:229,44,0,66
BRDA:230,45,0,66
BRDA:231,46,0,66
BRDA:232,47,0,66
BRDA:233,48,0,66
BRDA:234,49,0,66
BRDA:235,50,0,66
BRDA:236,51,0,66
BRDA:237,52,0,66
BRDA:238,53,0,66
BRDA:239,54,0,66
BRDA:240,55,0,66
BRDA:241,56,0,66
BRDA:242,57,0,66
BRDA:243,58,0,66
BRDA:244,59,0,66
BRDA:245,60,0,66
BRDA:246,61,0,66
BRDA:247,62,0,66
BRDA:248,63,0,66
BRDA:249,64,0,66
BRDA:252,65,0,66
BRDA:253,66,0,66
BRDA:254,67,0,66
BRDA:255,68,0,66
BRDA:256,69,0,66
BRDA:257,70,0,66
BRDA:258,71,0,66
BRDA:261,72,0,66
BRDA:262,73,0,66
BRDA:263,74,0,66
BRDA:264,75,0,66
BRDA:265,76,0,66
BRDA:266,77,0,66
BRDA:267,78,0,66
BRDA:268,79,0,66
BRDA:269,80,0,0
BRDA:288,81,0,66
BRDA:289,82,0,66
BRDA:290,83,0,66
BRDA:291,84,0,66
BRDA:292,85,0,66
BRDA:293,86,0,66
BRDA:294,87,0,66
BRDA:295,88,0,66
BRDA:296,89,0,66
BRDA:297,90,0,66
BRDA:298,91,0,66
BRDA:299,92,0,66
BRDA:300,93,0,66
BRDA:301,94,0,66
BRDA:302,95,0,66
BRDA:303,96,0,66
BRDA:305,97,0,66
BRDA:306,98,0,66
BRDA:308,99,0,66
BRDA:309,100,0,66
BRDA:310,101,0,66
BRDA:311,102,0,66
BRDA:317,103,0,66
BRDA:319,104,0,66
BRDA:322,105,0,66
BRDA:328,106,0,0
BRDA:345,107,0,66
BRF:108
BRH:101
end_of_record
TN:
SF:packages\mermaid\src\themes\theme-forest.js
FN:9,Theme
FN:96,updateColors
FN:283,calculate
FN:306,getThemeVariables
FNF:4
FNH:0
FNDA:0,Theme
FNDA:0,updateColors
FNDA:0,calculate
FNDA:0,getThemeVariables
DA:1,1
DA:2,1
DA:3,1
DA:4,1
DA:5,1
DA:6,1
DA:7,1
DA:8,1
DA:9,1
DA:10,0
DA:11,0
DA:12,0
DA:13,0
DA:14,0
DA:15,0
DA:16,0
DA:17,0
DA:18,0
DA:19,0
DA:20,0
DA:21,0
DA:22,0
DA:23,0
DA:24,0
DA:25,0
DA:26,0
DA:27,0
DA:28,0
DA:29,0
DA:30,0
DA:31,0
DA:32,0
DA:33,0
DA:34,0
DA:35,0
DA:36,0
DA:37,0
DA:38,0
DA:39,0
DA:40,0
DA:41,0
DA:42,0
DA:43,0
DA:44,0
DA:45,0
DA:46,0
DA:47,0
DA:48,0
DA:49,0
DA:50,0
DA:51,0
DA:52,0
DA:53,0
DA:54,0
DA:55,0
DA:56,0
DA:57,0
DA:58,0
DA:59,0
DA:60,0
DA:61,0
DA:62,0
DA:63,0
DA:64,0
DA:65,0
DA:66,0
DA:67,0
DA:68,0
DA:69,0
DA:70,0
DA:71,0
DA:72,0
DA:73,0
DA:74,0
DA:75,0
DA:76,0
DA:77,0
DA:78,0
DA:79,0
DA:80,0
DA:81,0
DA:82,0
DA:83,0
DA:84,0
DA:85,0
DA:86,0
DA:87,0
DA:88,0
DA:89,0
DA:90,0
DA:91,0
DA:92,0
DA:93,0
DA:94,0
DA:95,0
DA:96,1
DA:97,0
DA:98,0
DA:99,0
DA:100,0
DA:101,0
DA:102,0
DA:103,0
DA:104,0
DA:105,0
DA:106,0
DA:107,0
DA:108,0
DA:109,0
DA:110,0
DA:111,0
DA:112,0
DA:113,0
DA:114,0
DA:115,0
DA:116,0
DA:117,0
DA:118,0
DA:119,0
DA:120,0
DA:121,0
DA:122,0
DA:123,0
DA:124,0
DA:125,0
DA:126,0
DA:127,0
DA:128,0
DA:129,0
DA:130,0
DA:131,0
DA:132,0
DA:133,0
DA:134,0
DA:135,0
DA:136,0
DA:137,0
DA:138,0
DA:139,0
DA:140,0
DA:141,0
DA:142,0
DA:143,0
DA:144,0
DA:145,0
DA:146,0
DA:147,0
DA:148,0
DA:149,0
DA:150,0
DA:151,0
DA:152,0
DA:153,0
DA:154,0
DA:155,0
DA:156,0
DA:157,0
DA:158,0
DA:159,0
DA:160,0
DA:161,0
DA:162,0
DA:163,0
DA:164,0
DA:165,0
DA:166,0
DA:167,0
DA:168,0
DA:169,0
DA:170,0
DA:171,0
DA:172,0
DA:173,0
DA:174,0
DA:175,0
DA:176,0
DA:177,0
DA:178,0
DA:179,0
DA:180,0
DA:181,0
DA:182,0
DA:183,0
DA:184,0
DA:185,0
DA:186,0
DA:187,0
DA:188,0
DA:189,0
DA:190,0
DA:191,0
DA:192,0
DA:193,0
DA:194,0
DA:195,0
DA:196,0
DA:197,0
DA:198,0
DA:199,0
DA:200,0
DA:201,0
DA:202,0
DA:203,0
DA:204,0
DA:205,0
DA:206,0
DA:207,0
DA:208,0
DA:209,0
DA:210,0
DA:211,0
DA:212,0
DA:213,0
DA:214,0
DA:215,0
DA:216,0
DA:217,0
DA:218,0
DA:219,0
DA:220,0
DA:221,0
DA:222,0
DA:223,0
DA:224,0
DA:225,0
DA:226,0
DA:227,0
DA:228,0
DA:229,0
DA:230,0
DA:231,0
DA:232,0
DA:233,0
DA:234,0
DA:235,0
DA:236,0
DA:237,0
DA:238,0
DA:239,0
DA:240,0
DA:241,0
DA:242,0
DA:243,0
DA:244,0
DA:245,0
DA:246,0
DA:247,0
DA:248,0
DA:249,0
DA:250,0
DA:251,0
DA:252,0
DA:253,0
DA:254,0
DA:255,0
DA:256,0
DA:257,0
DA:258,0
DA:259,0
DA:260,0
DA:261,0
DA:262,0
DA:263,0
DA:264,0
DA:265,0
DA:266,0
DA:267,0
DA:268,0
DA:269,0
DA:270,0
DA:271,0
DA:272,0
DA:273,0
DA:274,0
DA:275,0
DA:276,0
DA:277,0
DA:278,0
DA:279,0
DA:280,0
DA:281,0
DA:282,0
DA:283,1
DA:284,0
DA:285,0
DA:286,0
DA:287,0
DA:288,0
DA:289,0
DA:290,0
DA:291,0
DA:292,0
DA:293,0
DA:294,0
DA:295,0
DA:296,0
DA:297,0
DA:298,0
DA:299,0
DA:300,0
DA:301,0
DA:302,0
DA:303,0
DA:304,1
DA:305,1
DA:306,1
DA:307,0
DA:308,0
DA:309,0
DA:310,0
LF:310
LH:14
BRF:0
BRH:0
end_of_record
TN:
SF:packages\mermaid\src\themes\theme-helpers.js
FN:3,mkBorder
FNF:1
FNH:1
FNDA:228,mkBorder
DA:1,1
DA:2,1
DA:3,1
DA:4,1
LF:4
LH:4
BRDA:3,0,0,228
BRDA:4,1,0,0
BRF:2
BRH:1
end_of_record
TN:
SF:packages\mermaid\src\themes\theme-neutral.js
FN:12,Theme
FN:108,updateColors
FN:305,calculate
FN:328,getThemeVariables
FNF:4
FNH:0
FNDA:0,Theme
FNDA:0,updateColors
FNDA:0,calculate
FNDA:0,getThemeVariables
DA:1,1
DA:2,1
DA:3,1
DA:4,1
DA:5,1
DA:6,1
DA:7,1
DA:8,1
DA:9,1
DA:10,1
DA:11,1
DA:12,1
DA:13,0
DA:14,0
DA:15,0
DA:16,0
DA:17,0
DA:18,0
DA:19,0
DA:20,0
DA:21,0
DA:22,0
DA:23,0
DA:24,0
DA:25,0
DA:26,0
DA:27,0
DA:28,0
DA:29,0
DA:30,0
DA:31,0
DA:32,0
DA:33,0
DA:34,0
DA:35,0
DA:36,0
DA:37,0
DA:38,0
DA:39,0
DA:40,0
DA:41,0
DA:42,0
DA:43,0
DA:44,0
DA:45,0
DA:46,0
DA:47,0
DA:48,0
DA:49,0
DA:50,0
DA:51,0
DA:52,0
DA:53,0
DA:54,0
DA:55,0
DA:56,0
DA:57,0
DA:58,0
DA:59,0
DA:60,0
DA:61,0
DA:62,0
DA:63,0
DA:64,0
DA:65,0
DA:66,0
DA:67,0
DA:68,0
DA:69,0
DA:70,0
DA:71,0
DA:72,0
DA:73,0
DA:74,0
DA:75,0
DA:76,0
DA:77,0
DA:78,0
DA:79,0
DA:80,0
DA:81,0
DA:82,0
DA:83,0
DA:84,0
DA:85,0
DA:86,0
DA:87,0
DA:88,0
DA:89,0
DA:90,0
DA:91,0
DA:92,0
DA:93,0
DA:94,0
DA:95,0
DA:96,0
DA:97,0
DA:98,0
DA:99,0
DA:100,0
DA:101,0
DA:102,0
DA:103,0
DA:104,0
DA:105,0
DA:106,0
DA:107,0
DA:108,1
DA:109,0
DA:110,0
DA:111,0
DA:112,0
DA:113,0
DA:114,0
DA:115,0
DA:116,0
DA:117,0
DA:118,0
DA:119,0
DA:120,0
DA:121,0
DA:122,0
DA:123,0
DA:124,0
DA:125,0
DA:126,0
DA:127,0
DA:128,0
DA:129,0
DA:130,0
DA:131,0
DA:132,0
DA:133,0
DA:134,0
DA:135,0
DA:136,0
DA:137,0
DA:138,0
DA:139,0
DA:140,0
DA:141,0
DA:142,0
DA:143,0
DA:144,0
DA:145,0
DA:146,0
DA:147,0
DA:148,0
DA:149,0
DA:150,0
DA:151,0
DA:152,0
DA:153,0
DA:154,0
DA:155,0
DA:156,0
DA:157,0
DA:158,0
DA:159,0
DA:160,0
DA:161,0
DA:162,0
DA:163,0
DA:164,0
DA:165,0
DA:166,0
DA:167,0
DA:168,0
DA:169,0
DA:170,0
DA:171,0
DA:172,0
DA:173,0
DA:174,0
DA:175,0
DA:176,0
DA:177,0
DA:178,0
DA:179,0
DA:180,0
DA:181,0
DA:182,0
DA:183,0
DA:184,0
DA:185,0
DA:186,0
DA:187,0
DA:188,0
DA:189,0
DA:190,0
DA:191,0
DA:192,0
DA:193,0
DA:194,0
DA:195,0
DA:196,0
DA:197,0
DA:198,0
DA:199,0
DA:200,0
DA:201,0
DA:202,0
DA:203,0
DA:204,0
DA:205,0
DA:206,0
DA:207,0
DA:208,0
DA:209,0
DA:210,0
DA:211,0
DA:212,0
DA:213,0
DA:214,0
DA:215,0
DA:216,0
DA:217,0
DA:218,0
DA:219,0
DA:220,0
DA:221,0
DA:222,0
DA:223,0
DA:224,0
DA:225,0
DA:226,0
DA:227,0
DA:228,0
DA:229,0
DA:230,0
DA:231,0
DA:232,0
DA:233,0
DA:234,0
DA:235,0
DA:236,0
DA:237,0
DA:238,0
DA:239,0
DA:240,0
DA:241,0
DA:242,0
DA:243,0
DA:244,0
DA:245,0
DA:246,0
DA:247,0
DA:248,0
DA:249,0
DA:250,0
DA:251,0
DA:252,0
DA:253,0
DA:254,0
DA:255,0
DA:256,0
DA:257,0
DA:258,0
DA:259,0
DA:260,0
DA:261,0
DA:262,0
DA:263,0
DA:264,0
DA:265,0
DA:266,0
DA:267,0
DA:268,0
DA:269,0
DA:270,0
DA:271,0
DA:272,0
DA:273,0
DA:274,0
DA:275,0
DA:276,0
DA:277,0
DA:278,0
DA:279,0
DA:280,0
DA:281,0
DA:282,0
DA:283,0
DA:284,0
DA:285,0
DA:286,0
DA:287,0
DA:288,0
DA:289,0
DA:290,0
DA:291,0
DA:292,0
DA:293,0
DA:294,0
DA:295,0
DA:296,0
DA:297,0
DA:298,0
DA:299,0
DA:300,0
DA:301,0
DA:302,0
DA:303,0
DA:304,0
DA:305,1
DA:306,0
DA:307,0
DA:308,0
DA:309,0
DA:310,0
DA:311,0
DA:312,0
DA:313,0
DA:314,0
DA:315,0
DA:316,0
DA:317,0
DA:318,0
DA:319,0
DA:320,0
DA:321,0
DA:322,0
DA:323,0
DA:324,0
DA:325,0
DA:326,1
DA:327,1
DA:328,1
DA:329,0
DA:330,0
DA:331,0
DA:332,0
LF:332
LH:17
BRF:0
BRH:0
end_of_record
